2020-07-16 00:02:27 [restartedMain] INFO  c.j.test.SpringbootDemoApplication -Starting SpringbootDemoApplication on RAKESH-YADAV with PID 5072 (F:\Spring_WorkSpace\springboot-demo\target\classes started by Rakeshkumar Yadav in F:\Spring_WorkSpace\springboot-demo)
2020-07-16 00:02:27 [restartedMain] DEBUG c.j.test.SpringbootDemoApplication -Running with Spring Boot v2.3.1.RELEASE, Spring v5.2.7.RELEASE
2020-07-16 00:02:27 [restartedMain] INFO  c.j.test.SpringbootDemoApplication -No active profile set, falling back to default profiles: default
2020-07-16 00:02:28 [restartedMain] INFO  o.s.b.d.e.DevToolsPropertyDefaultsPostProcessor -Devtools property defaults active! Set 'spring.devtools.add-properties' to 'false' to disable
2020-07-16 00:02:28 [restartedMain] INFO  o.s.b.d.e.DevToolsPropertyDefaultsPostProcessor -For additional web related logging consider setting the 'logging.level.web' property to 'DEBUG'
2020-07-16 00:02:29 [restartedMain] INFO  o.s.d.r.c.RepositoryConfigurationDelegate -Bootstrapping Spring Data JPA repositories in DEFERRED mode.
2020-07-16 00:02:29 [restartedMain] INFO  o.s.d.r.c.RepositoryConfigurationDelegate -Finished Spring Data repository scanning in 109ms. Found 1 JPA repository interfaces.
2020-07-16 00:02:30 [restartedMain] INFO  o.s.b.w.e.tomcat.TomcatWebServer -Tomcat initialized with port(s): 8001 (http)
2020-07-16 00:02:30 [restartedMain] INFO  o.a.coyote.http11.Http11NioProtocol -Initializing ProtocolHandler ["http-nio-8001"]
2020-07-16 00:02:30 [restartedMain] INFO  o.a.catalina.core.StandardService -Starting service [Tomcat]
2020-07-16 00:02:30 [restartedMain] INFO  o.a.catalina.core.StandardEngine -Starting Servlet engine: [Apache Tomcat/9.0.36]
2020-07-16 00:02:30 [restartedMain] INFO  o.a.c.c.C.[Tomcat].[localhost].[/] -Initializing Spring embedded WebApplicationContext
2020-07-16 00:02:30 [restartedMain] INFO  o.s.b.w.s.c.ServletWebServerApplicationContext -Root WebApplicationContext: initialization completed in 2827 ms
2020-07-16 00:02:30 [restartedMain] DEBUG i.m.c.u.i.l.InternalLoggerFactory -Using SLF4J as the default logging framework
2020-07-16 00:02:31 [restartedMain] DEBUG com.zaxxer.hikari.HikariConfig -Driver class com.mysql.cj.jdbc.Driver found in Thread context class loader org.springframework.boot.devtools.restart.classloader.RestartClassLoader@64bcad0a
2020-07-16 00:02:31 [restartedMain] DEBUG com.zaxxer.hikari.HikariConfig -HikariPool-1 - configuration:
2020-07-16 00:02:31 [restartedMain] DEBUG com.zaxxer.hikari.HikariConfig -allowPoolSuspension.............false
2020-07-16 00:02:31 [restartedMain] DEBUG com.zaxxer.hikari.HikariConfig -autoCommit......................true
2020-07-16 00:02:31 [restartedMain] DEBUG com.zaxxer.hikari.HikariConfig -catalog.........................none
2020-07-16 00:02:31 [restartedMain] DEBUG com.zaxxer.hikari.HikariConfig -connectionInitSql...............none
2020-07-16 00:02:31 [restartedMain] DEBUG com.zaxxer.hikari.HikariConfig -connectionTestQuery.............none
2020-07-16 00:02:31 [restartedMain] DEBUG com.zaxxer.hikari.HikariConfig -connectionTimeout...............30000
2020-07-16 00:02:31 [restartedMain] DEBUG com.zaxxer.hikari.HikariConfig -dataSource......................none
2020-07-16 00:02:31 [restartedMain] DEBUG com.zaxxer.hikari.HikariConfig -dataSourceClassName.............none
2020-07-16 00:02:31 [restartedMain] DEBUG com.zaxxer.hikari.HikariConfig -dataSourceJNDI..................none
2020-07-16 00:02:31 [restartedMain] DEBUG com.zaxxer.hikari.HikariConfig -dataSourceProperties............{password=<masked>}
2020-07-16 00:02:31 [restartedMain] DEBUG com.zaxxer.hikari.HikariConfig -driverClassName................."com.mysql.cj.jdbc.Driver"
2020-07-16 00:02:31 [restartedMain] DEBUG com.zaxxer.hikari.HikariConfig -exceptionOverrideClassName......none
2020-07-16 00:02:31 [restartedMain] DEBUG com.zaxxer.hikari.HikariConfig -healthCheckProperties...........{}
2020-07-16 00:02:31 [restartedMain] DEBUG com.zaxxer.hikari.HikariConfig -healthCheckRegistry.............none
2020-07-16 00:02:31 [restartedMain] DEBUG com.zaxxer.hikari.HikariConfig -idleTimeout.....................600000
2020-07-16 00:02:31 [restartedMain] DEBUG com.zaxxer.hikari.HikariConfig -initializationFailTimeout.......1
2020-07-16 00:02:31 [restartedMain] DEBUG com.zaxxer.hikari.HikariConfig -isolateInternalQueries..........false
2020-07-16 00:02:31 [restartedMain] DEBUG com.zaxxer.hikari.HikariConfig -jdbcUrl.........................jdbc:mysql://localhost:3306/jpa_map?autoReconnect=true&useSSL=false
2020-07-16 00:02:31 [restartedMain] DEBUG com.zaxxer.hikari.HikariConfig -leakDetectionThreshold..........0
2020-07-16 00:02:31 [restartedMain] DEBUG com.zaxxer.hikari.HikariConfig -maxLifetime.....................1800000
2020-07-16 00:02:31 [restartedMain] DEBUG com.zaxxer.hikari.HikariConfig -maximumPoolSize.................10
2020-07-16 00:02:31 [restartedMain] DEBUG com.zaxxer.hikari.HikariConfig -metricRegistry..................none
2020-07-16 00:02:31 [restartedMain] DEBUG com.zaxxer.hikari.HikariConfig -metricsTrackerFactory...........none
2020-07-16 00:02:31 [restartedMain] DEBUG com.zaxxer.hikari.HikariConfig -minimumIdle.....................10
2020-07-16 00:02:31 [restartedMain] DEBUG com.zaxxer.hikari.HikariConfig -password........................<masked>
2020-07-16 00:02:31 [restartedMain] DEBUG com.zaxxer.hikari.HikariConfig -poolName........................"HikariPool-1"
2020-07-16 00:02:31 [restartedMain] DEBUG com.zaxxer.hikari.HikariConfig -readOnly........................false
2020-07-16 00:02:31 [restartedMain] DEBUG com.zaxxer.hikari.HikariConfig -registerMbeans..................false
2020-07-16 00:02:31 [restartedMain] DEBUG com.zaxxer.hikari.HikariConfig -scheduledExecutor...............none
2020-07-16 00:02:31 [restartedMain] DEBUG com.zaxxer.hikari.HikariConfig -schema..........................none
2020-07-16 00:02:31 [restartedMain] DEBUG com.zaxxer.hikari.HikariConfig -threadFactory...................internal
2020-07-16 00:02:31 [restartedMain] DEBUG com.zaxxer.hikari.HikariConfig -transactionIsolation............default
2020-07-16 00:02:31 [restartedMain] DEBUG com.zaxxer.hikari.HikariConfig -username........................"root"
2020-07-16 00:02:31 [restartedMain] DEBUG com.zaxxer.hikari.HikariConfig -validationTimeout...............5000
2020-07-16 00:02:31 [restartedMain] INFO  com.zaxxer.hikari.HikariDataSource -HikariPool-1 - Starting...
2020-07-16 00:02:31 [restartedMain] DEBUG com.zaxxer.hikari.pool.HikariPool -HikariPool-1 - Added connection com.mysql.cj.jdbc.ConnectionImpl@333084f8
2020-07-16 00:02:31 [restartedMain] INFO  com.zaxxer.hikari.HikariDataSource -HikariPool-1 - Start completed.
2020-07-16 00:02:31 [HikariPool-1 housekeeper] DEBUG com.zaxxer.hikari.pool.HikariPool -HikariPool-1 - Pool stats (total=1, active=0, idle=1, waiting=0)
2020-07-16 00:02:31 [restartedMain] DEBUG org.jboss.logging -Logging Provider: org.jboss.logging.Log4j2LoggerProvider
2020-07-16 00:02:31 [HikariPool-1 connection adder] DEBUG com.zaxxer.hikari.pool.HikariPool -HikariPool-1 - Added connection com.mysql.cj.jdbc.ConnectionImpl@67652415
2020-07-16 00:02:31 [HikariPool-1 connection adder] DEBUG com.zaxxer.hikari.pool.HikariPool -HikariPool-1 - Added connection com.mysql.cj.jdbc.ConnectionImpl@26582e2e
2020-07-16 00:02:31 [HikariPool-1 connection adder] DEBUG com.zaxxer.hikari.pool.HikariPool -HikariPool-1 - Added connection com.mysql.cj.jdbc.ConnectionImpl@17342f45
2020-07-16 00:02:31 [HikariPool-1 connection adder] DEBUG com.zaxxer.hikari.pool.HikariPool -HikariPool-1 - Added connection com.mysql.cj.jdbc.ConnectionImpl@4677d161
2020-07-16 00:02:31 [HikariPool-1 connection adder] DEBUG com.zaxxer.hikari.pool.HikariPool -HikariPool-1 - Added connection com.mysql.cj.jdbc.ConnectionImpl@56f96923
2020-07-16 00:02:31 [HikariPool-1 connection adder] DEBUG com.zaxxer.hikari.pool.HikariPool -HikariPool-1 - Added connection com.mysql.cj.jdbc.ConnectionImpl@42396ba7
2020-07-16 00:02:31 [HikariPool-1 connection adder] DEBUG com.zaxxer.hikari.pool.HikariPool -HikariPool-1 - Added connection com.mysql.cj.jdbc.ConnectionImpl@66388983
2020-07-16 00:02:31 [HikariPool-1 connection adder] DEBUG com.zaxxer.hikari.pool.HikariPool -HikariPool-1 - Added connection com.mysql.cj.jdbc.ConnectionImpl@51f029f2
2020-07-16 00:02:31 [HikariPool-1 connection adder] DEBUG com.zaxxer.hikari.pool.HikariPool -HikariPool-1 - Added connection com.mysql.cj.jdbc.ConnectionImpl@3e7cbb23
2020-07-16 00:02:31 [HikariPool-1 connection adder] DEBUG com.zaxxer.hikari.pool.HikariPool -HikariPool-1 - After adding stats (total=10, active=0, idle=10, waiting=0)
2020-07-16 00:02:31 [restartedMain] DEBUG o.h.jpa.internal.util.LogHelper -PersistenceUnitInfo [
	name: default
	persistence provider classname: null
	classloader: org.springframework.boot.devtools.restart.classloader.RestartClassLoader@64bcad0a
	excludeUnlistedClasses: true
	JTA datasource: null
	Non JTA datasource: HikariDataSource (HikariPool-1)
	Transaction type: RESOURCE_LOCAL
	PU root URL: file:/F:/Spring_WorkSpace/springboot-demo/target/classes/
	Shared Cache Mode: UNSPECIFIED
	Validation Mode: AUTO
	Jar files URLs []
	Managed classes names [
		com.jdbc.test.entity.Employee
		com.jdbc.test.entity.Users]
	Mapping files names []
	Properties []
2020-07-16 00:02:31 [restartedMain] DEBUG o.h.i.internal.IntegratorServiceImpl -Adding Integrator [org.hibernate.cfg.beanvalidation.BeanValidationIntegrator].
2020-07-16 00:02:31 [restartedMain] DEBUG o.h.i.internal.IntegratorServiceImpl -Adding Integrator [org.hibernate.secure.spi.JaccIntegrator].
2020-07-16 00:02:31 [restartedMain] DEBUG o.h.i.internal.IntegratorServiceImpl -Adding Integrator [org.hibernate.cache.internal.CollectionCacheInvalidator].
2020-07-16 00:02:31 [restartedMain] INFO  org.hibernate.Version -HHH000412: Hibernate ORM core version 5.4.17.Final
2020-07-16 00:02:31 [restartedMain] DEBUG org.hibernate.cfg.Environment -HHH000206: hibernate.properties not found
2020-07-16 00:02:32 [restartedMain] DEBUG o.h.service.spi.ServiceBinding -Overriding existing service binding [org.hibernate.secure.spi.JaccService]
2020-07-16 00:02:32 [restartedMain] DEBUG o.h.c.i.RegionFactoryInitiator -Cannot default RegionFactory based on registered strategies as `[]` RegionFactory strategies were registered
2020-07-16 00:02:32 [restartedMain] DEBUG o.h.c.i.RegionFactoryInitiator -Cache region factory : org.hibernate.cache.internal.NoCachingRegionFactory
2020-07-16 00:02:32 [restartedMain] INFO  o.h.annotations.common.Version -HCANN000001: Hibernate Commons Annotations {5.1.0.Final}
2020-07-16 00:02:32 [restartedMain] DEBUG org.hibernate.type.BasicTypeRegistry -Adding type registration boolean -> org.hibernate.type.BooleanType@7dad1bc5
2020-07-16 00:02:32 [restartedMain] DEBUG org.hibernate.type.BasicTypeRegistry -Adding type registration boolean -> org.hibernate.type.BooleanType@7dad1bc5
2020-07-16 00:02:32 [restartedMain] DEBUG org.hibernate.type.BasicTypeRegistry -Adding type registration java.lang.Boolean -> org.hibernate.type.BooleanType@7dad1bc5
2020-07-16 00:02:32 [restartedMain] DEBUG org.hibernate.type.BasicTypeRegistry -Adding type registration numeric_boolean -> org.hibernate.type.NumericBooleanType@a76795c
2020-07-16 00:02:32 [restartedMain] DEBUG org.hibernate.type.BasicTypeRegistry -Adding type registration true_false -> org.hibernate.type.TrueFalseType@357206a2
2020-07-16 00:02:32 [restartedMain] DEBUG org.hibernate.type.BasicTypeRegistry -Adding type registration yes_no -> org.hibernate.type.YesNoType@2310fd76
2020-07-16 00:02:32 [restartedMain] DEBUG org.hibernate.type.BasicTypeRegistry -Adding type registration byte -> org.hibernate.type.ByteType@61e36789
2020-07-16 00:02:32 [restartedMain] DEBUG org.hibernate.type.BasicTypeRegistry -Adding type registration byte -> org.hibernate.type.ByteType@61e36789
2020-07-16 00:02:32 [restartedMain] DEBUG org.hibernate.type.BasicTypeRegistry -Adding type registration java.lang.Byte -> org.hibernate.type.ByteType@61e36789
2020-07-16 00:02:32 [restartedMain] DEBUG org.hibernate.type.BasicTypeRegistry -Adding type registration character -> org.hibernate.type.CharacterType@615914aa
2020-07-16 00:02:32 [restartedMain] DEBUG org.hibernate.type.BasicTypeRegistry -Adding type registration char -> org.hibernate.type.CharacterType@615914aa
2020-07-16 00:02:32 [restartedMain] DEBUG org.hibernate.type.BasicTypeRegistry -Adding type registration java.lang.Character -> org.hibernate.type.CharacterType@615914aa
2020-07-16 00:02:32 [restartedMain] DEBUG org.hibernate.type.BasicTypeRegistry -Adding type registration short -> org.hibernate.type.ShortType@582a6f9f
2020-07-16 00:02:32 [restartedMain] DEBUG org.hibernate.type.BasicTypeRegistry -Adding type registration short -> org.hibernate.type.ShortType@582a6f9f
2020-07-16 00:02:32 [restartedMain] DEBUG org.hibernate.type.BasicTypeRegistry -Adding type registration java.lang.Short -> org.hibernate.type.ShortType@582a6f9f
2020-07-16 00:02:32 [restartedMain] DEBUG org.hibernate.type.BasicTypeRegistry -Adding type registration integer -> org.hibernate.type.IntegerType@fd1cc4b
2020-07-16 00:02:32 [restartedMain] DEBUG org.hibernate.type.BasicTypeRegistry -Adding type registration int -> org.hibernate.type.IntegerType@fd1cc4b
2020-07-16 00:02:32 [restartedMain] DEBUG org.hibernate.type.BasicTypeRegistry -Adding type registration java.lang.Integer -> org.hibernate.type.IntegerType@fd1cc4b
2020-07-16 00:02:32 [restartedMain] DEBUG org.hibernate.type.BasicTypeRegistry -Adding type registration long -> org.hibernate.type.LongType@33156446
2020-07-16 00:02:32 [restartedMain] DEBUG org.hibernate.type.BasicTypeRegistry -Adding type registration long -> org.hibernate.type.LongType@33156446
2020-07-16 00:02:32 [restartedMain] DEBUG org.hibernate.type.BasicTypeRegistry -Adding type registration java.lang.Long -> org.hibernate.type.LongType@33156446
2020-07-16 00:02:32 [restartedMain] DEBUG org.hibernate.type.BasicTypeRegistry -Adding type registration float -> org.hibernate.type.FloatType@4314eb1
2020-07-16 00:02:32 [restartedMain] DEBUG org.hibernate.type.BasicTypeRegistry -Adding type registration float -> org.hibernate.type.FloatType@4314eb1
2020-07-16 00:02:32 [restartedMain] DEBUG org.hibernate.type.BasicTypeRegistry -Adding type registration java.lang.Float -> org.hibernate.type.FloatType@4314eb1
2020-07-16 00:02:32 [restartedMain] DEBUG org.hibernate.type.BasicTypeRegistry -Adding type registration double -> org.hibernate.type.DoubleType@105173ad
2020-07-16 00:02:32 [restartedMain] DEBUG org.hibernate.type.BasicTypeRegistry -Adding type registration double -> org.hibernate.type.DoubleType@105173ad
2020-07-16 00:02:32 [restartedMain] DEBUG org.hibernate.type.BasicTypeRegistry -Adding type registration java.lang.Double -> org.hibernate.type.DoubleType@105173ad
2020-07-16 00:02:32 [restartedMain] DEBUG org.hibernate.type.BasicTypeRegistry -Adding type registration big_decimal -> org.hibernate.type.BigDecimalType@5d7c3628
2020-07-16 00:02:32 [restartedMain] DEBUG org.hibernate.type.BasicTypeRegistry -Adding type registration java.math.BigDecimal -> org.hibernate.type.BigDecimalType@5d7c3628
2020-07-16 00:02:32 [restartedMain] DEBUG org.hibernate.type.BasicTypeRegistry -Adding type registration big_integer -> org.hibernate.type.BigIntegerType@1514cf1e
2020-07-16 00:02:32 [restartedMain] DEBUG org.hibernate.type.BasicTypeRegistry -Adding type registration java.math.BigInteger -> org.hibernate.type.BigIntegerType@1514cf1e
2020-07-16 00:02:32 [restartedMain] DEBUG org.hibernate.type.BasicTypeRegistry -Adding type registration string -> org.hibernate.type.StringType@fdf5d0c
2020-07-16 00:02:32 [restartedMain] DEBUG org.hibernate.type.BasicTypeRegistry -Adding type registration java.lang.String -> org.hibernate.type.StringType@fdf5d0c
2020-07-16 00:02:32 [restartedMain] DEBUG org.hibernate.type.BasicTypeRegistry -Adding type registration nstring -> org.hibernate.type.StringNVarcharType@1648e647
2020-07-16 00:02:32 [restartedMain] DEBUG org.hibernate.type.BasicTypeRegistry -Adding type registration ncharacter -> org.hibernate.type.CharacterNCharType@17b696c8
2020-07-16 00:02:32 [restartedMain] DEBUG org.hibernate.type.BasicTypeRegistry -Adding type registration url -> org.hibernate.type.UrlType@61dfe403
2020-07-16 00:02:32 [restartedMain] DEBUG org.hibernate.type.BasicTypeRegistry -Adding type registration java.net.URL -> org.hibernate.type.UrlType@61dfe403
2020-07-16 00:02:32 [restartedMain] DEBUG org.hibernate.type.BasicTypeRegistry -Adding type registration Duration -> org.hibernate.type.DurationType@1f75f617
2020-07-16 00:02:32 [restartedMain] DEBUG org.hibernate.type.BasicTypeRegistry -Adding type registration java.time.Duration -> org.hibernate.type.DurationType@1f75f617
2020-07-16 00:02:32 [restartedMain] DEBUG org.hibernate.type.BasicTypeRegistry -Adding type registration Instant -> org.hibernate.type.InstantType@42788495
2020-07-16 00:02:32 [restartedMain] DEBUG org.hibernate.type.BasicTypeRegistry -Adding type registration java.time.Instant -> org.hibernate.type.InstantType@42788495
2020-07-16 00:02:32 [restartedMain] DEBUG org.hibernate.type.BasicTypeRegistry -Adding type registration LocalDateTime -> org.hibernate.type.LocalDateTimeType@188484a9
2020-07-16 00:02:32 [restartedMain] DEBUG org.hibernate.type.BasicTypeRegistry -Adding type registration java.time.LocalDateTime -> org.hibernate.type.LocalDateTimeType@188484a9
2020-07-16 00:02:32 [restartedMain] DEBUG org.hibernate.type.BasicTypeRegistry -Adding type registration LocalDate -> org.hibernate.type.LocalDateType@50036ddf
2020-07-16 00:02:32 [restartedMain] DEBUG org.hibernate.type.BasicTypeRegistry -Adding type registration java.time.LocalDate -> org.hibernate.type.LocalDateType@50036ddf
2020-07-16 00:02:32 [restartedMain] DEBUG org.hibernate.type.BasicTypeRegistry -Adding type registration LocalTime -> org.hibernate.type.LocalTimeType@34d2a8b3
2020-07-16 00:02:32 [restartedMain] DEBUG org.hibernate.type.BasicTypeRegistry -Adding type registration java.time.LocalTime -> org.hibernate.type.LocalTimeType@34d2a8b3
2020-07-16 00:02:32 [restartedMain] DEBUG org.hibernate.type.BasicTypeRegistry -Adding type registration OffsetDateTime -> org.hibernate.type.OffsetDateTimeType@60a18a03
2020-07-16 00:02:32 [restartedMain] DEBUG org.hibernate.type.BasicTypeRegistry -Adding type registration java.time.OffsetDateTime -> org.hibernate.type.OffsetDateTimeType@60a18a03
2020-07-16 00:02:32 [restartedMain] DEBUG org.hibernate.type.BasicTypeRegistry -Adding type registration OffsetTime -> org.hibernate.type.OffsetTimeType@15d38b5c
2020-07-16 00:02:32 [restartedMain] DEBUG org.hibernate.type.BasicTypeRegistry -Adding type registration java.time.OffsetTime -> org.hibernate.type.OffsetTimeType@15d38b5c
2020-07-16 00:02:32 [restartedMain] DEBUG org.hibernate.type.BasicTypeRegistry -Adding type registration ZonedDateTime -> org.hibernate.type.ZonedDateTimeType@6d16d443
2020-07-16 00:02:32 [restartedMain] DEBUG org.hibernate.type.BasicTypeRegistry -Adding type registration java.time.ZonedDateTime -> org.hibernate.type.ZonedDateTimeType@6d16d443
2020-07-16 00:02:32 [restartedMain] DEBUG org.hibernate.type.BasicTypeRegistry -Adding type registration date -> org.hibernate.type.DateType@8c2180d
2020-07-16 00:02:32 [restartedMain] DEBUG org.hibernate.type.BasicTypeRegistry -Adding type registration java.sql.Date -> org.hibernate.type.DateType@8c2180d
2020-07-16 00:02:32 [restartedMain] DEBUG org.hibernate.type.BasicTypeRegistry -Adding type registration time -> org.hibernate.type.TimeType@6797bd23
2020-07-16 00:02:32 [restartedMain] DEBUG org.hibernate.type.BasicTypeRegistry -Adding type registration java.sql.Time -> org.hibernate.type.TimeType@6797bd23
2020-07-16 00:02:32 [restartedMain] DEBUG org.hibernate.type.BasicTypeRegistry -Adding type registration timestamp -> org.hibernate.type.TimestampType@366c66fe
2020-07-16 00:02:32 [restartedMain] DEBUG org.hibernate.type.BasicTypeRegistry -Adding type registration java.sql.Timestamp -> org.hibernate.type.TimestampType@366c66fe
2020-07-16 00:02:32 [restartedMain] DEBUG org.hibernate.type.BasicTypeRegistry -Adding type registration java.util.Date -> org.hibernate.type.TimestampType@366c66fe
2020-07-16 00:02:32 [restartedMain] DEBUG org.hibernate.type.BasicTypeRegistry -Adding type registration dbtimestamp -> org.hibernate.type.DbTimestampType@6a10dd83
2020-07-16 00:02:32 [restartedMain] DEBUG org.hibernate.type.BasicTypeRegistry -Adding type registration calendar -> org.hibernate.type.CalendarType@52da21fd
2020-07-16 00:02:32 [restartedMain] DEBUG org.hibernate.type.BasicTypeRegistry -Adding type registration java.util.Calendar -> org.hibernate.type.CalendarType@52da21fd
2020-07-16 00:02:32 [restartedMain] DEBUG org.hibernate.type.BasicTypeRegistry -Adding type registration java.util.GregorianCalendar -> org.hibernate.type.CalendarType@52da21fd
2020-07-16 00:02:32 [restartedMain] DEBUG org.hibernate.type.BasicTypeRegistry -Adding type registration calendar_date -> org.hibernate.type.CalendarDateType@6ffe1e18
2020-07-16 00:02:32 [restartedMain] DEBUG org.hibernate.type.BasicTypeRegistry -Adding type registration calendar_time -> org.hibernate.type.CalendarTimeType@78500a84
2020-07-16 00:02:32 [restartedMain] DEBUG org.hibernate.type.BasicTypeRegistry -Adding type registration locale -> org.hibernate.type.LocaleType@7a0ed6d
2020-07-16 00:02:32 [restartedMain] DEBUG org.hibernate.type.BasicTypeRegistry -Adding type registration java.util.Locale -> org.hibernate.type.LocaleType@7a0ed6d
2020-07-16 00:02:32 [restartedMain] DEBUG org.hibernate.type.BasicTypeRegistry -Adding type registration currency -> org.hibernate.type.CurrencyType@540b3496
2020-07-16 00:02:32 [restartedMain] DEBUG org.hibernate.type.BasicTypeRegistry -Adding type registration java.util.Currency -> org.hibernate.type.CurrencyType@540b3496
2020-07-16 00:02:32 [restartedMain] DEBUG org.hibernate.type.BasicTypeRegistry -Adding type registration timezone -> org.hibernate.type.TimeZoneType@76d4ec81
2020-07-16 00:02:32 [restartedMain] DEBUG org.hibernate.type.BasicTypeRegistry -Adding type registration java.util.TimeZone -> org.hibernate.type.TimeZoneType@76d4ec81
2020-07-16 00:02:32 [restartedMain] DEBUG org.hibernate.type.BasicTypeRegistry -Adding type registration class -> org.hibernate.type.ClassType@3a40cf6c
2020-07-16 00:02:32 [restartedMain] DEBUG org.hibernate.type.BasicTypeRegistry -Adding type registration java.lang.Class -> org.hibernate.type.ClassType@3a40cf6c
2020-07-16 00:02:32 [restartedMain] DEBUG org.hibernate.type.BasicTypeRegistry -Adding type registration uuid-binary -> org.hibernate.type.UUIDBinaryType@67f3e1a8
2020-07-16 00:02:32 [restartedMain] DEBUG org.hibernate.type.BasicTypeRegistry -Adding type registration java.util.UUID -> org.hibernate.type.UUIDBinaryType@67f3e1a8
2020-07-16 00:02:32 [restartedMain] DEBUG org.hibernate.type.BasicTypeRegistry -Adding type registration uuid-char -> org.hibernate.type.UUIDCharType@1a29a072
2020-07-16 00:02:32 [restartedMain] DEBUG org.hibernate.type.BasicTypeRegistry -Adding type registration binary -> org.hibernate.type.BinaryType@64922715
2020-07-16 00:02:32 [restartedMain] DEBUG org.hibernate.type.BasicTypeRegistry -Adding type registration byte[] -> org.hibernate.type.BinaryType@64922715
2020-07-16 00:02:32 [restartedMain] DEBUG org.hibernate.type.BasicTypeRegistry -Adding type registration [B -> org.hibernate.type.BinaryType@64922715
2020-07-16 00:02:32 [restartedMain] DEBUG org.hibernate.type.BasicTypeRegistry -Adding type registration wrapper-binary -> org.hibernate.type.WrapperBinaryType@e350a3
2020-07-16 00:02:32 [restartedMain] DEBUG org.hibernate.type.BasicTypeRegistry -Adding type registration Byte[] -> org.hibernate.type.WrapperBinaryType@e350a3
2020-07-16 00:02:32 [restartedMain] DEBUG org.hibernate.type.BasicTypeRegistry -Adding type registration [Ljava.lang.Byte; -> org.hibernate.type.WrapperBinaryType@e350a3
2020-07-16 00:02:32 [restartedMain] DEBUG org.hibernate.type.BasicTypeRegistry -Adding type registration row_version -> org.hibernate.type.RowVersionType@7b77af0d
2020-07-16 00:02:32 [restartedMain] DEBUG org.hibernate.type.BasicTypeRegistry -Adding type registration image -> org.hibernate.type.ImageType@3e853575
2020-07-16 00:02:32 [restartedMain] DEBUG org.hibernate.type.BasicTypeRegistry -Adding type registration characters -> org.hibernate.type.CharArrayType@1e69ab96
2020-07-16 00:02:32 [restartedMain] DEBUG org.hibernate.type.BasicTypeRegistry -Adding type registration char[] -> org.hibernate.type.CharArrayType@1e69ab96
2020-07-16 00:02:32 [restartedMain] DEBUG org.hibernate.type.BasicTypeRegistry -Adding type registration [C -> org.hibernate.type.CharArrayType@1e69ab96
2020-07-16 00:02:32 [restartedMain] DEBUG org.hibernate.type.BasicTypeRegistry -Adding type registration wrapper-characters -> org.hibernate.type.CharacterArrayType@49d9862e
2020-07-16 00:02:32 [restartedMain] DEBUG org.hibernate.type.BasicTypeRegistry -Adding type registration [Ljava.lang.Character; -> org.hibernate.type.CharacterArrayType@49d9862e
2020-07-16 00:02:32 [restartedMain] DEBUG org.hibernate.type.BasicTypeRegistry -Adding type registration Character[] -> org.hibernate.type.CharacterArrayType@49d9862e
2020-07-16 00:02:32 [restartedMain] DEBUG org.hibernate.type.BasicTypeRegistry -Adding type registration text -> org.hibernate.type.TextType@3f5d9796
2020-07-16 00:02:32 [restartedMain] DEBUG org.hibernate.type.BasicTypeRegistry -Adding type registration ntext -> org.hibernate.type.NTextType@6509ce58
2020-07-16 00:02:32 [restartedMain] DEBUG org.hibernate.type.BasicTypeRegistry -Adding type registration blob -> org.hibernate.type.BlobType@6ccdbc42
2020-07-16 00:02:32 [restartedMain] DEBUG org.hibernate.type.BasicTypeRegistry -Adding type registration java.sql.Blob -> org.hibernate.type.BlobType@6ccdbc42
2020-07-16 00:02:32 [restartedMain] DEBUG org.hibernate.type.BasicTypeRegistry -Adding type registration materialized_blob -> org.hibernate.type.MaterializedBlobType@4169ea46
2020-07-16 00:02:32 [restartedMain] DEBUG org.hibernate.type.BasicTypeRegistry -Adding type registration clob -> org.hibernate.type.ClobType@4f01e979
2020-07-16 00:02:32 [restartedMain] DEBUG org.hibernate.type.BasicTypeRegistry -Adding type registration java.sql.Clob -> org.hibernate.type.ClobType@4f01e979
2020-07-16 00:02:32 [restartedMain] DEBUG org.hibernate.type.BasicTypeRegistry -Adding type registration nclob -> org.hibernate.type.NClobType@56ce1681
2020-07-16 00:02:32 [restartedMain] DEBUG org.hibernate.type.BasicTypeRegistry -Adding type registration java.sql.NClob -> org.hibernate.type.NClobType@56ce1681
2020-07-16 00:02:32 [restartedMain] DEBUG org.hibernate.type.BasicTypeRegistry -Adding type registration materialized_clob -> org.hibernate.type.MaterializedClobType@2f326342
2020-07-16 00:02:32 [restartedMain] DEBUG org.hibernate.type.BasicTypeRegistry -Adding type registration materialized_nclob -> org.hibernate.type.MaterializedNClobType@2c2c54b9
2020-07-16 00:02:32 [restartedMain] DEBUG org.hibernate.type.BasicTypeRegistry -Adding type registration serializable -> org.hibernate.type.SerializableType@208f71b3
2020-07-16 00:02:32 [restartedMain] DEBUG org.hibernate.type.BasicTypeRegistry -Adding type registration object -> org.hibernate.type.ObjectType@25ef9f61
2020-07-16 00:02:32 [restartedMain] DEBUG org.hibernate.type.BasicTypeRegistry -Adding type registration java.lang.Object -> org.hibernate.type.ObjectType@25ef9f61
2020-07-16 00:02:32 [restartedMain] DEBUG org.hibernate.type.BasicTypeRegistry -Adding type registration imm_date -> org.hibernate.type.AdaptedImmutableType@478e8c12
2020-07-16 00:02:32 [restartedMain] DEBUG org.hibernate.type.BasicTypeRegistry -Adding type registration imm_time -> org.hibernate.type.AdaptedImmutableType@1ec31715
2020-07-16 00:02:32 [restartedMain] DEBUG org.hibernate.type.BasicTypeRegistry -Adding type registration imm_timestamp -> org.hibernate.type.AdaptedImmutableType@2093664c
2020-07-16 00:02:32 [restartedMain] DEBUG org.hibernate.type.BasicTypeRegistry -Adding type registration imm_dbtimestamp -> org.hibernate.type.AdaptedImmutableType@77691255
2020-07-16 00:02:32 [restartedMain] DEBUG org.hibernate.type.BasicTypeRegistry -Adding type registration imm_calendar -> org.hibernate.type.AdaptedImmutableType@4434feb6
2020-07-16 00:02:32 [restartedMain] DEBUG org.hibernate.type.BasicTypeRegistry -Adding type registration imm_calendar_date -> org.hibernate.type.AdaptedImmutableType@42c9329a
2020-07-16 00:02:32 [restartedMain] DEBUG org.hibernate.type.BasicTypeRegistry -Adding type registration imm_binary -> org.hibernate.type.AdaptedImmutableType@79d38d89
2020-07-16 00:02:32 [restartedMain] DEBUG org.hibernate.type.BasicTypeRegistry -Adding type registration imm_serializable -> org.hibernate.type.AdaptedImmutableType@4697c35c
2020-07-16 00:02:32 [restartedMain] DEBUG o.h.b.internal.BootstrapContextImpl -Injecting JPA temp ClassLoader [org.springframework.instrument.classloading.SimpleThrowawayClassLoader@749350e8] into BootstrapContext; was [null]
2020-07-16 00:02:32 [restartedMain] DEBUG o.h.b.internal.ClassLoaderAccessImpl -ClassLoaderAccessImpl#injectTempClassLoader(org.springframework.instrument.classloading.SimpleThrowawayClassLoader@749350e8) [was null]
2020-07-16 00:02:32 [restartedMain] DEBUG o.h.b.internal.BootstrapContextImpl -Injecting ScanEnvironment [org.hibernate.jpa.boot.internal.StandardJpaScanEnvironmentImpl@65627182] into BootstrapContext; was [null]
2020-07-16 00:02:32 [restartedMain] DEBUG o.h.b.internal.BootstrapContextImpl -Injecting ScanOptions [org.hibernate.boot.archive.scan.internal.StandardScanOptions@b9879d6] into BootstrapContext; was [org.hibernate.boot.archive.scan.internal.StandardScanOptions@5e64b117]
2020-07-16 00:02:32 [restartedMain] DEBUG o.h.b.internal.BootstrapContextImpl -Injecting JPA temp ClassLoader [null] into BootstrapContext; was [org.springframework.instrument.classloading.SimpleThrowawayClassLoader@749350e8]
2020-07-16 00:02:32 [restartedMain] DEBUG o.h.b.internal.ClassLoaderAccessImpl -ClassLoaderAccessImpl#injectTempClassLoader(null) [was org.springframework.instrument.classloading.SimpleThrowawayClassLoader@749350e8]
2020-07-16 00:02:32 [restartedMain] DEBUG o.h.i.f.i.DefaultIdentifierGeneratorFactory -Registering IdentifierGenerator strategy [uuid2] -> [org.hibernate.id.UUIDGenerator]
2020-07-16 00:02:32 [restartedMain] DEBUG o.h.i.f.i.DefaultIdentifierGeneratorFactory -Registering IdentifierGenerator strategy [guid] -> [org.hibernate.id.GUIDGenerator]
2020-07-16 00:02:32 [restartedMain] DEBUG o.h.i.f.i.DefaultIdentifierGeneratorFactory -Registering IdentifierGenerator strategy [uuid] -> [org.hibernate.id.UUIDHexGenerator]
2020-07-16 00:02:32 [restartedMain] DEBUG o.h.i.f.i.DefaultIdentifierGeneratorFactory -Registering IdentifierGenerator strategy [uuid.hex] -> [org.hibernate.id.UUIDHexGenerator]
2020-07-16 00:02:32 [restartedMain] DEBUG o.h.i.f.i.DefaultIdentifierGeneratorFactory -Registering IdentifierGenerator strategy [assigned] -> [org.hibernate.id.Assigned]
2020-07-16 00:02:32 [restartedMain] DEBUG o.h.i.f.i.DefaultIdentifierGeneratorFactory -Registering IdentifierGenerator strategy [identity] -> [org.hibernate.id.IdentityGenerator]
2020-07-16 00:02:32 [restartedMain] DEBUG o.h.i.f.i.DefaultIdentifierGeneratorFactory -Registering IdentifierGenerator strategy [select] -> [org.hibernate.id.SelectGenerator]
2020-07-16 00:02:32 [restartedMain] DEBUG o.h.i.f.i.DefaultIdentifierGeneratorFactory -Registering IdentifierGenerator strategy [sequence] -> [org.hibernate.id.enhanced.SequenceStyleGenerator]
2020-07-16 00:02:32 [restartedMain] DEBUG o.h.i.f.i.DefaultIdentifierGeneratorFactory -Registering IdentifierGenerator strategy [seqhilo] -> [org.hibernate.id.SequenceHiLoGenerator]
2020-07-16 00:02:32 [restartedMain] DEBUG o.h.i.f.i.DefaultIdentifierGeneratorFactory -Registering IdentifierGenerator strategy [increment] -> [org.hibernate.id.IncrementGenerator]
2020-07-16 00:02:32 [restartedMain] DEBUG o.h.i.f.i.DefaultIdentifierGeneratorFactory -Registering IdentifierGenerator strategy [foreign] -> [org.hibernate.id.ForeignGenerator]
2020-07-16 00:02:32 [restartedMain] DEBUG o.h.i.f.i.DefaultIdentifierGeneratorFactory -Registering IdentifierGenerator strategy [sequence-identity] -> [org.hibernate.id.SequenceIdentityGenerator]
2020-07-16 00:02:32 [restartedMain] DEBUG o.h.i.f.i.DefaultIdentifierGeneratorFactory -Registering IdentifierGenerator strategy [enhanced-sequence] -> [org.hibernate.id.enhanced.SequenceStyleGenerator]
2020-07-16 00:02:32 [restartedMain] DEBUG o.h.i.f.i.DefaultIdentifierGeneratorFactory -Registering IdentifierGenerator strategy [enhanced-table] -> [org.hibernate.id.enhanced.TableGenerator]
2020-07-16 00:02:32 [restartedMain] DEBUG o.h.e.j.e.i.JdbcEnvironmentInitiator -Database ->
       name : MySQL
    version : 8.0.19
      major : 8
      minor : 0
2020-07-16 00:02:32 [restartedMain] DEBUG o.h.e.j.e.i.JdbcEnvironmentInitiator -Driver ->
       name : MySQL Connector/J
    version : mysql-connector-java-8.0.20 (Revision: afc0a13cd3c5a0bf57eaa809ee0ee6df1fd5ac9b)
      major : 8
      minor : 0
2020-07-16 00:02:32 [restartedMain] DEBUG o.h.e.j.e.i.JdbcEnvironmentInitiator -JDBC version : 4.2
2020-07-16 00:02:32 [restartedMain] INFO  org.hibernate.dialect.Dialect -HHH000400: Using dialect: org.hibernate.dialect.MySQL8Dialect
2020-07-16 00:02:32 [restartedMain] DEBUG o.h.e.j.e.s.IdentifierHelperBuilder -JDBC driver metadata reported database stores quoted identifiers in more than one case
2020-07-16 00:02:32 [restartedMain] DEBUG o.h.e.j.e.s.IdentifierHelperBuilder -IdentifierCaseStrategy for both quoted and unquoted identifiers was set to the same strategy [LOWER]; that will likely lead to problems in schema update and validation if using quoted identifiers
2020-07-16 00:02:32 [restartedMain] DEBUG o.h.boot.model.relational.Namespace -Created database namespace [logicalName=Name{catalog=null, schema=null}, physicalName=Name{catalog=null, schema=null}]
2020-07-16 00:02:32 [restartedMain] DEBUG o.h.type.spi.TypeConfiguration$Scope -Scoping TypeConfiguration [org.hibernate.type.spi.TypeConfiguration@6bd16802] to MetadataBuildingContext [org.hibernate.boot.internal.MetadataBuildingContextRootImpl@1a7d647f]
2020-07-16 00:02:32 [restartedMain] DEBUG org.hibernate.cfg.AnnotationBinder -Binding entity from annotated class: com.jdbc.test.entity.Employee
2020-07-16 00:02:32 [restartedMain] DEBUG org.hibernate.cfg.Ejb3Column -Binding column: Ejb3DiscriminatorColumn{logicalColumnName'DTYPE', discriminatorTypeName='string'}
2020-07-16 00:02:32 [restartedMain] DEBUG o.h.cfg.annotations.EntityBinder -Import with entity name Employee
2020-07-16 00:02:32 [restartedMain] DEBUG o.h.cfg.annotations.EntityBinder -Bind entity com.jdbc.test.entity.Employee on table empployee
2020-07-16 00:02:32 [restartedMain] DEBUG org.hibernate.cfg.Ejb3Column -Binding column: Ejb3Column{table=org.hibernate.mapping.Table(empployee), mappingColumn=id_emp, insertable=true, updatable=true, unique=true}
2020-07-16 00:02:32 [restartedMain] DEBUG o.h.cfg.annotations.PropertyBinder -MetadataSourceProcessor property idEmp with lazy=false
2020-07-16 00:02:32 [restartedMain] DEBUG o.h.cfg.AbstractPropertyHolder -Attempting to locate auto-apply AttributeConverter for property [com.jdbc.test.entity.Employee:idEmp]
2020-07-16 00:02:32 [restartedMain] DEBUG o.h.c.annotations.SimpleValueBinder -building SimpleValue for idEmp
2020-07-16 00:02:32 [restartedMain] DEBUG o.h.cfg.annotations.PropertyBinder -Building property idEmp
2020-07-16 00:02:32 [restartedMain] DEBUG org.hibernate.cfg.BinderHelper -#makeIdGenerator(org.hibernate.mapping.SimpleValue([org.hibernate.mapping.Column(id_emp)]), idEmp, identity, , ...)
2020-07-16 00:02:32 [restartedMain] DEBUG org.hibernate.cfg.Ejb3Column -Binding column: Ejb3Column{table=org.hibernate.mapping.Table(empployee), mappingColumn=address, insertable=true, updatable=true, unique=false}
2020-07-16 00:02:32 [restartedMain] DEBUG o.h.cfg.annotations.PropertyBinder -MetadataSourceProcessor property address with lazy=false
2020-07-16 00:02:32 [restartedMain] DEBUG o.h.cfg.AbstractPropertyHolder -Attempting to locate auto-apply AttributeConverter for property [com.jdbc.test.entity.Employee:address]
2020-07-16 00:02:32 [restartedMain] DEBUG o.h.c.annotations.SimpleValueBinder -building SimpleValue for address
2020-07-16 00:02:32 [restartedMain] DEBUG o.h.cfg.annotations.PropertyBinder -Building property address
2020-07-16 00:02:32 [restartedMain] DEBUG org.hibernate.cfg.Ejb3Column -Binding column: Ejb3Column{table=org.hibernate.mapping.Table(empployee), mappingColumn=fname, insertable=true, updatable=true, unique=false}
2020-07-16 00:02:32 [restartedMain] DEBUG o.h.cfg.annotations.PropertyBinder -MetadataSourceProcessor property fName with lazy=false
2020-07-16 00:02:32 [restartedMain] DEBUG o.h.cfg.AbstractPropertyHolder -Attempting to locate auto-apply AttributeConverter for property [com.jdbc.test.entity.Employee:fName]
2020-07-16 00:02:32 [restartedMain] DEBUG o.h.c.annotations.SimpleValueBinder -building SimpleValue for fName
2020-07-16 00:02:32 [restartedMain] DEBUG o.h.cfg.annotations.PropertyBinder -Building property fName
2020-07-16 00:02:32 [restartedMain] DEBUG org.hibernate.cfg.Ejb3Column -Binding column: Ejb3Column{table=org.hibernate.mapping.Table(empployee), mappingColumn=lname, insertable=true, updatable=true, unique=false}
2020-07-16 00:02:32 [restartedMain] DEBUG o.h.cfg.annotations.PropertyBinder -MetadataSourceProcessor property lName with lazy=false
2020-07-16 00:02:32 [restartedMain] DEBUG o.h.cfg.AbstractPropertyHolder -Attempting to locate auto-apply AttributeConverter for property [com.jdbc.test.entity.Employee:lName]
2020-07-16 00:02:32 [restartedMain] DEBUG o.h.c.annotations.SimpleValueBinder -building SimpleValue for lName
2020-07-16 00:02:32 [restartedMain] DEBUG o.h.cfg.annotations.PropertyBinder -Building property lName
2020-07-16 00:02:32 [restartedMain] DEBUG org.hibernate.cfg.AnnotationBinder -Binding entity from annotated class: com.jdbc.test.entity.Users
2020-07-16 00:02:32 [restartedMain] DEBUG org.hibernate.cfg.Ejb3Column -Binding column: Ejb3DiscriminatorColumn{logicalColumnName'DTYPE', discriminatorTypeName='string'}
2020-07-16 00:02:32 [restartedMain] DEBUG o.h.cfg.annotations.EntityBinder -Import with entity name Users
2020-07-16 00:02:32 [restartedMain] DEBUG o.h.cfg.annotations.EntityBinder -Bind entity com.jdbc.test.entity.Users on table users
2020-07-16 00:02:32 [restartedMain] DEBUG org.hibernate.cfg.Ejb3Column -Binding column: Ejb3Column{table=org.hibernate.mapping.Table(users), mappingColumn=is_user, insertable=true, updatable=true, unique=true}
2020-07-16 00:02:32 [restartedMain] DEBUG o.h.cfg.annotations.PropertyBinder -MetadataSourceProcessor property idUser with lazy=false
2020-07-16 00:02:32 [restartedMain] DEBUG o.h.cfg.AbstractPropertyHolder -Attempting to locate auto-apply AttributeConverter for property [com.jdbc.test.entity.Users:idUser]
2020-07-16 00:02:32 [restartedMain] DEBUG o.h.c.annotations.SimpleValueBinder -building SimpleValue for idUser
2020-07-16 00:02:32 [restartedMain] DEBUG o.h.cfg.annotations.PropertyBinder -Building property idUser
2020-07-16 00:02:32 [restartedMain] DEBUG org.hibernate.cfg.BinderHelper -#makeIdGenerator(org.hibernate.mapping.SimpleValue([org.hibernate.mapping.Column(is_user)]), idUser, identity, , ...)
2020-07-16 00:02:32 [restartedMain] DEBUG org.hibernate.cfg.Ejb3Column -Binding column: Ejb3Column{table=org.hibernate.mapping.Table(users), mappingColumn=password, insertable=true, updatable=true, unique=false}
2020-07-16 00:02:32 [restartedMain] DEBUG o.h.cfg.annotations.PropertyBinder -MetadataSourceProcessor property password with lazy=false
2020-07-16 00:02:32 [restartedMain] DEBUG o.h.cfg.AbstractPropertyHolder -Attempting to locate auto-apply AttributeConverter for property [com.jdbc.test.entity.Users:password]
2020-07-16 00:02:32 [restartedMain] DEBUG o.h.c.annotations.SimpleValueBinder -building SimpleValue for password
2020-07-16 00:02:32 [restartedMain] DEBUG o.h.cfg.annotations.PropertyBinder -Building property password
2020-07-16 00:02:32 [restartedMain] DEBUG org.hibernate.cfg.Ejb3Column -Binding column: Ejb3Column{table=org.hibernate.mapping.Table(users), mappingColumn=roles, insertable=true, updatable=true, unique=false}
2020-07-16 00:02:32 [restartedMain] DEBUG o.h.cfg.annotations.PropertyBinder -MetadataSourceProcessor property roles with lazy=false
2020-07-16 00:02:32 [restartedMain] DEBUG o.h.cfg.AbstractPropertyHolder -Attempting to locate auto-apply AttributeConverter for property [com.jdbc.test.entity.Users:roles]
2020-07-16 00:02:32 [restartedMain] DEBUG o.h.c.annotations.SimpleValueBinder -building SimpleValue for roles
2020-07-16 00:02:32 [restartedMain] DEBUG o.h.cfg.annotations.PropertyBinder -Building property roles
2020-07-16 00:02:32 [restartedMain] DEBUG org.hibernate.cfg.Ejb3Column -Binding column: Ejb3Column{table=org.hibernate.mapping.Table(users), mappingColumn=user_name, insertable=true, updatable=true, unique=false}
2020-07-16 00:02:32 [restartedMain] DEBUG o.h.cfg.annotations.PropertyBinder -MetadataSourceProcessor property userName with lazy=false
2020-07-16 00:02:32 [restartedMain] DEBUG o.h.cfg.AbstractPropertyHolder -Attempting to locate auto-apply AttributeConverter for property [com.jdbc.test.entity.Users:userName]
2020-07-16 00:02:32 [restartedMain] DEBUG o.h.c.annotations.SimpleValueBinder -building SimpleValue for userName
2020-07-16 00:02:32 [restartedMain] DEBUG o.h.cfg.annotations.PropertyBinder -Building property userName
2020-07-16 00:02:32 [restartedMain] DEBUG o.h.c.annotations.SimpleValueBinder -Starting fillSimpleValue for idEmp
2020-07-16 00:02:32 [restartedMain] DEBUG o.h.c.annotations.SimpleValueBinder -Starting fillSimpleValue for address
2020-07-16 00:02:32 [restartedMain] DEBUG o.h.c.annotations.SimpleValueBinder -Starting fillSimpleValue for fName
2020-07-16 00:02:32 [restartedMain] DEBUG o.h.c.annotations.SimpleValueBinder -Starting fillSimpleValue for lName
2020-07-16 00:02:32 [restartedMain] DEBUG o.h.c.annotations.SimpleValueBinder -Starting fillSimpleValue for idUser
2020-07-16 00:02:32 [restartedMain] DEBUG o.h.c.annotations.SimpleValueBinder -Starting fillSimpleValue for password
2020-07-16 00:02:32 [restartedMain] DEBUG o.h.c.annotations.SimpleValueBinder -Starting fillSimpleValue for roles
2020-07-16 00:02:32 [restartedMain] DEBUG o.h.c.annotations.SimpleValueBinder -Starting fillSimpleValue for userName
2020-07-16 00:02:32 [restartedMain] DEBUG org.hibernate.mapping.PrimaryKey -Forcing column [id_emp] to be non-null as it is part of the primary key for table [empployee]
2020-07-16 00:02:32 [restartedMain] DEBUG org.hibernate.mapping.PrimaryKey -Forcing column [is_user] to be non-null as it is part of the primary key for table [users]
2020-07-16 00:02:32 [restartedMain] DEBUG o.h.internal.SessionFactoryImpl -Building session factory
2020-07-16 00:02:32 [restartedMain] DEBUG org.hibernate.cfg.Settings -SessionFactory name : null
2020-07-16 00:02:32 [restartedMain] DEBUG org.hibernate.cfg.Settings -Automatic flush during beforeCompletion(): enabled
2020-07-16 00:02:32 [restartedMain] DEBUG org.hibernate.cfg.Settings -Automatic session close at end of transaction: disabled
2020-07-16 00:02:32 [restartedMain] DEBUG org.hibernate.cfg.Settings -Statistics: disabled
2020-07-16 00:02:32 [restartedMain] DEBUG org.hibernate.cfg.Settings -Deleted entity synthetic identifier rollback: disabled
2020-07-16 00:02:32 [restartedMain] DEBUG org.hibernate.cfg.Settings -Default entity-mode: pojo
2020-07-16 00:02:32 [restartedMain] DEBUG org.hibernate.cfg.Settings -Check Nullability in Core (should be disabled when Bean Validation is on): enabled
2020-07-16 00:02:32 [restartedMain] DEBUG org.hibernate.cfg.Settings -Allow initialization of lazy state outside session : disabled
2020-07-16 00:02:32 [restartedMain] DEBUG org.hibernate.cfg.Settings -Using BatchFetchStyle : LEGACY
2020-07-16 00:02:32 [restartedMain] DEBUG org.hibernate.cfg.Settings -Default batch fetch size: -1
2020-07-16 00:02:32 [restartedMain] DEBUG org.hibernate.cfg.Settings -Maximum outer join fetch depth: 2
2020-07-16 00:02:32 [restartedMain] DEBUG org.hibernate.cfg.Settings -Default null ordering: NONE
2020-07-16 00:02:32 [restartedMain] DEBUG org.hibernate.cfg.Settings -Order SQL updates by primary key: disabled
2020-07-16 00:02:32 [restartedMain] DEBUG org.hibernate.cfg.Settings -Order SQL inserts for batching: disabled
2020-07-16 00:02:32 [restartedMain] DEBUG org.hibernate.cfg.Settings -multi-tenancy strategy : NONE
2020-07-16 00:02:32 [restartedMain] DEBUG org.hibernate.cfg.Settings -JTA Track by Thread: enabled
2020-07-16 00:02:32 [restartedMain] DEBUG org.hibernate.cfg.Settings -Query language substitutions: {}
2020-07-16 00:02:32 [restartedMain] DEBUG org.hibernate.cfg.Settings -Named query checking : enabled
2020-07-16 00:02:32 [restartedMain] DEBUG org.hibernate.cfg.Settings -Second-level cache: disabled
2020-07-16 00:02:32 [restartedMain] DEBUG org.hibernate.cfg.Settings -Second-level query cache: disabled
2020-07-16 00:02:32 [restartedMain] DEBUG org.hibernate.cfg.Settings -Second-level query cache factory: null
2020-07-16 00:02:32 [restartedMain] DEBUG org.hibernate.cfg.Settings -Second-level cache region prefix: null
2020-07-16 00:02:32 [restartedMain] DEBUG org.hibernate.cfg.Settings -Optimize second-level cache for minimal puts: disabled
2020-07-16 00:02:32 [restartedMain] DEBUG org.hibernate.cfg.Settings -Structured second-level cache entries: disabled
2020-07-16 00:02:32 [restartedMain] DEBUG org.hibernate.cfg.Settings -Second-level cache direct-reference entries: disabled
2020-07-16 00:02:32 [restartedMain] DEBUG org.hibernate.cfg.Settings -Automatic eviction of collection cache: disabled
2020-07-16 00:02:32 [restartedMain] DEBUG org.hibernate.cfg.Settings -JDBC batch size: 15
2020-07-16 00:02:32 [restartedMain] DEBUG org.hibernate.cfg.Settings -JDBC batch updates for versioned data: enabled
2020-07-16 00:02:32 [restartedMain] DEBUG org.hibernate.cfg.Settings -Scrollable result sets: enabled
2020-07-16 00:02:32 [restartedMain] DEBUG org.hibernate.cfg.Settings -Wrap result sets: disabled
2020-07-16 00:02:32 [restartedMain] DEBUG org.hibernate.cfg.Settings -JDBC3 getGeneratedKeys(): enabled
2020-07-16 00:02:32 [restartedMain] DEBUG org.hibernate.cfg.Settings -JDBC result set fetch size: null
2020-07-16 00:02:32 [restartedMain] DEBUG org.hibernate.cfg.Settings -Connection release mode: ON_CLOSE
2020-07-16 00:02:32 [restartedMain] DEBUG org.hibernate.cfg.Settings -Generate SQL with comments: disabled
2020-07-16 00:02:32 [restartedMain] DEBUG org.hibernate.cfg.Settings -JPA compliance - query : disabled
2020-07-16 00:02:32 [restartedMain] DEBUG org.hibernate.cfg.Settings -JPA compliance - closed-handling : disabled
2020-07-16 00:02:32 [restartedMain] DEBUG org.hibernate.cfg.Settings -JPA compliance - lists : disabled
2020-07-16 00:02:32 [restartedMain] DEBUG org.hibernate.cfg.Settings -JPA compliance - transactions : disabled
2020-07-16 00:02:32 [restartedMain] DEBUG o.h.internal.SessionFactoryImpl -Session factory constructed with filter configurations : {}
2020-07-16 00:02:32 [restartedMain] DEBUG o.h.internal.SessionFactoryImpl -Instantiating session factory with properties: {sun.desktop=windows, awt.toolkit=sun.awt.windows.WToolkit, java.specification.version=1.8, file.encoding.pkg=sun.io, sun.cpu.isalist=amd64, hibernate.connection.handling_mode=DELAYED_ACQUISITION_AND_HOLD, sun.jnu.encoding=Cp1252, java.class.path=F:\Spring_WorkSpace\springboot-demo\target\classes;C:\Users\Rakeshkumar Yadav\.m2\repository\org\springframework\boot\spring-boot-starter-actuator\2.3.1.RELEASE\spring-boot-starter-actuator-2.3.1.RELEASE.jar;C:\Users\Rakeshkumar Yadav\.m2\repository\org\springframework\boot\spring-boot-starter\2.3.1.RELEASE\spring-boot-starter-2.3.1.RELEASE.jar;C:\Users\Rakeshkumar Yadav\.m2\repository\org\springframework\boot\spring-boot-starter-logging\2.3.1.RELEASE\spring-boot-starter-logging-2.3.1.RELEASE.jar;C:\Users\Rakeshkumar Yadav\.m2\repository\ch\qos\logback\logback-classic\1.2.3\logback-classic-1.2.3.jar;C:\Users\Rakeshkumar Yadav\.m2\repository\ch\qos\logback\logback-core\1.2.3\logback-core-1.2.3.jar;C:\Users\Rakeshkumar Yadav\.m2\repository\org\apache\logging\log4j\log4j-to-slf4j\2.13.3\log4j-to-slf4j-2.13.3.jar;C:\Users\Rakeshkumar Yadav\.m2\repository\org\apache\logging\log4j\log4j-api\2.13.3\log4j-api-2.13.3.jar;C:\Users\Rakeshkumar Yadav\.m2\repository\org\slf4j\jul-to-slf4j\1.7.30\jul-to-slf4j-1.7.30.jar;C:\Users\Rakeshkumar Yadav\.m2\repository\org\yaml\snakeyaml\1.26\snakeyaml-1.26.jar;C:\Users\Rakeshkumar Yadav\.m2\repository\org\springframework\boot\spring-boot-actuator-autoconfigure\2.3.1.RELEASE\spring-boot-actuator-autoconfigure-2.3.1.RELEASE.jar;C:\Users\Rakeshkumar Yadav\.m2\repository\org\springframework\boot\spring-boot-actuator\2.3.1.RELEASE\spring-boot-actuator-2.3.1.RELEASE.jar;C:\Users\Rakeshkumar Yadav\.m2\repository\com\fasterxml\jackson\core\jackson-databind\2.11.0\jackson-databind-2.11.0.jar;C:\Users\Rakeshkumar Yadav\.m2\repository\com\fasterxml\jackson\core\jackson-core\2.11.0\jackson-core-2.11.0.jar;C:\Users\Rakeshkumar Yadav\.m2\repository\com\fasterxml\jackson\datatype\jackson-datatype-jsr310\2.11.0\jackson-datatype-jsr310-2.11.0.jar;C:\Users\Rakeshkumar Yadav\.m2\repository\io\micrometer\micrometer-core\1.5.1\micrometer-core-1.5.1.jar;C:\Users\Rakeshkumar Yadav\.m2\repository\org\hdrhistogram\HdrHistogram\2.1.12\HdrHistogram-2.1.12.jar;C:\Users\Rakeshkumar Yadav\.m2\repository\org\latencyutils\LatencyUtils\2.0.3\LatencyUtils-2.0.3.jar;C:\Users\Rakeshkumar Yadav\.m2\repository\org\springframework\boot\spring-boot-devtools\2.3.1.RELEASE\spring-boot-devtools-2.3.1.RELEASE.jar;C:\Users\Rakeshkumar Yadav\.m2\repository\org\springframework\boot\spring-boot\2.3.1.RELEASE\spring-boot-2.3.1.RELEASE.jar;C:\Users\Rakeshkumar Yadav\.m2\repository\org\springframework\spring-context\5.2.7.RELEASE\spring-context-5.2.7.RELEASE.jar;C:\Users\Rakeshkumar Yadav\.m2\repository\org\springframework\boot\spring-boot-autoconfigure\2.3.1.RELEASE\spring-boot-autoconfigure-2.3.1.RELEASE.jar;C:\Users\Rakeshkumar Yadav\.m2\repository\mysql\mysql-connector-java\8.0.20\mysql-connector-java-8.0.20.jar;C:\Users\Rakeshkumar Yadav\.m2\repository\com\zaxxer\HikariCP\3.4.5\HikariCP-3.4.5.jar;C:\Users\Rakeshkumar Yadav\.m2\repository\org\slf4j\slf4j-api\1.7.30\slf4j-api-1.7.30.jar;C:\Users\Rakeshkumar Yadav\.m2\repository\com\jayway\jsonpath\json-path\2.4.0\json-path-2.4.0.jar;C:\Users\Rakeshkumar Yadav\.m2\repository\net\minidev\json-smart\2.3\json-smart-2.3.jar;C:\Users\Rakeshkumar Yadav\.m2\repository\net\minidev\accessors-smart\1.2\accessors-smart-1.2.jar;C:\Users\Rakeshkumar Yadav\.m2\repository\org\ow2\asm\asm\5.0.4\asm-5.0.4.jar;C:\Users\Rakeshkumar Yadav\.m2\repository\jakarta\xml\bind\jakarta.xml.bind-api\2.3.3\jakarta.xml.bind-api-2.3.3.jar;C:\Users\Rakeshkumar Yadav\.m2\repository\jakarta\activation\jakarta.activation-api\1.2.2\jakarta.activation-api-1.2.2.jar;C:\Users\Rakeshkumar Yadav\.m2\repository\net\bytebuddy\byte-buddy\1.10.11\byte-buddy-1.10.11.jar;C:\Users\Rakeshkumar Yadav\.m2\repository\org\springframework\spring-core\5.2.7.RELEASE\spring-core-5.2.7.RELEASE.jar;C:\Users\Rakeshkumar Yadav\.m2\repository\org\springframework\spring-jcl\5.2.7.RELEASE\spring-jcl-5.2.7.RELEASE.jar;C:\Users\Rakeshkumar Yadav\.m2\repository\org\springframework\boot\spring-boot-starter-web\2.3.1.RELEASE\spring-boot-starter-web-2.3.1.RELEASE.jar;C:\Users\Rakeshkumar Yadav\.m2\repository\org\springframework\boot\spring-boot-starter-json\2.3.1.RELEASE\spring-boot-starter-json-2.3.1.RELEASE.jar;C:\Users\Rakeshkumar Yadav\.m2\repository\com\fasterxml\jackson\datatype\jackson-datatype-jdk8\2.11.0\jackson-datatype-jdk8-2.11.0.jar;C:\Users\Rakeshkumar Yadav\.m2\repository\com\fasterxml\jackson\module\jackson-module-parameter-names\2.11.0\jackson-module-parameter-names-2.11.0.jar;C:\Users\Rakeshkumar Yadav\.m2\repository\org\springframework\spring-web\5.2.7.RELEASE\spring-web-5.2.7.RELEASE.jar;C:\Users\Rakeshkumar Yadav\.m2\repository\org\springframework\spring-beans\5.2.7.RELEASE\spring-beans-5.2.7.RELEASE.jar;C:\Users\Rakeshkumar Yadav\.m2\repository\org\springframework\spring-webmvc\5.2.7.RELEASE\spring-webmvc-5.2.7.RELEASE.jar;C:\Users\Rakeshkumar Yadav\.m2\repository\org\springframework\spring-aop\5.2.7.RELEASE\spring-aop-5.2.7.RELEASE.jar;C:\Users\Rakeshkumar Yadav\.m2\repository\org\springframework\spring-expression\5.2.7.RELEASE\spring-expression-5.2.7.RELEASE.jar;C:\Users\Rakeshkumar Yadav\.m2\repository\com\google\code\gson\gson\2.8.6\gson-2.8.6.jar;C:\Users\Rakeshkumar Yadav\.m2\repository\org\springframework\boot\spring-boot-starter-data-jpa\2.3.1.RELEASE\spring-boot-starter-data-jpa-2.3.1.RELEASE.jar;C:\Users\Rakeshkumar Yadav\.m2\repository\org\springframework\boot\spring-boot-starter-aop\2.3.1.RELEASE\spring-boot-starter-aop-2.3.1.RELEASE.jar;C:\Users\Rakeshkumar Yadav\.m2\repository\org\aspectj\aspectjweaver\1.9.5\aspectjweaver-1.9.5.jar;C:\Users\Rakeshkumar Yadav\.m2\repository\org\springframework\boot\spring-boot-starter-jdbc\2.3.1.RELEASE\spring-boot-starter-jdbc-2.3.1.RELEASE.jar;C:\Users\Rakeshkumar Yadav\.m2\repository\org\springframework\spring-jdbc\5.2.7.RELEASE\spring-jdbc-5.2.7.RELEASE.jar;C:\Users\Rakeshkumar Yadav\.m2\repository\jakarta\transaction\jakarta.transaction-api\1.3.3\jakarta.transaction-api-1.3.3.jar;C:\Users\Rakeshkumar Yadav\.m2\repository\jakarta\persistence\jakarta.persistence-api\2.2.3\jakarta.persistence-api-2.2.3.jar;C:\Users\Rakeshkumar Yadav\.m2\repository\org\hibernate\hibernate-core\5.4.17.Final\hibernate-core-5.4.17.Final.jar;C:\Users\Rakeshkumar Yadav\.m2\repository\org\jboss\logging\jboss-logging\3.4.1.Final\jboss-logging-3.4.1.Final.jar;C:\Users\Rakeshkumar Yadav\.m2\repository\org\javassist\javassist\3.24.0-GA\javassist-3.24.0-GA.jar;C:\Users\Rakeshkumar Yadav\.m2\repository\antlr\antlr\2.7.7\antlr-2.7.7.jar;C:\Users\Rakeshkumar Yadav\.m2\repository\org\jboss\jandex\2.1.3.Final\jandex-2.1.3.Final.jar;C:\Users\Rakeshkumar Yadav\.m2\repository\com\fasterxml\classmate\1.5.1\classmate-1.5.1.jar;C:\Users\Rakeshkumar Yadav\.m2\repository\org\dom4j\dom4j\2.1.3\dom4j-2.1.3.jar;C:\Users\Rakeshkumar Yadav\.m2\repository\org\hibernate\common\hibernate-commons-annotations\5.1.0.Final\hibernate-commons-annotations-5.1.0.Final.jar;C:\Users\Rakeshkumar Yadav\.m2\repository\org\glassfish\jaxb\jaxb-runtime\2.3.3\jaxb-runtime-2.3.3.jar;C:\Users\Rakeshkumar Yadav\.m2\repository\org\glassfish\jaxb\txw2\2.3.3\txw2-2.3.3.jar;C:\Users\Rakeshkumar Yadav\.m2\repository\com\sun\istack\istack-commons-runtime\3.0.11\istack-commons-runtime-3.0.11.jar;C:\Users\Rakeshkumar Yadav\.m2\repository\com\sun\activation\jakarta.activation\1.2.2\jakarta.activation-1.2.2.jar;C:\Users\Rakeshkumar Yadav\.m2\repository\org\springframework\data\spring-data-jpa\2.3.1.RELEASE\spring-data-jpa-2.3.1.RELEASE.jar;C:\Users\Rakeshkumar Yadav\.m2\repository\org\springframework\data\spring-data-commons\2.3.1.RELEASE\spring-data-commons-2.3.1.RELEASE.jar;C:\Users\Rakeshkumar Yadav\.m2\repository\org\springframework\spring-orm\5.2.7.RELEASE\spring-orm-5.2.7.RELEASE.jar;C:\Users\Rakeshkumar Yadav\.m2\repository\org\springframework\spring-tx\5.2.7.RELEASE\spring-tx-5.2.7.RELEASE.jar;C:\Users\Rakeshkumar Yadav\.m2\repository\org\springframework\spring-aspects\5.2.7.RELEASE\spring-aspects-5.2.7.RELEASE.jar;C:\Users\Rakeshkumar Yadav\.m2\repository\org\springframework\boot\spring-boot-starter-data-rest\2.3.1.RELEASE\spring-boot-starter-data-rest-2.3.1.RELEASE.jar;C:\Users\Rakeshkumar Yadav\.m2\repository\org\springframework\data\spring-data-rest-webmvc\3.3.1.RELEASE\spring-data-rest-webmvc-3.3.1.RELEASE.jar;C:\Users\Rakeshkumar Yadav\.m2\repository\org\springframework\data\spring-data-rest-core\3.3.1.RELEASE\spring-data-rest-core-3.3.1.RELEASE.jar;C:\Users\Rakeshkumar Yadav\.m2\repository\org\springframework\hateoas\spring-hateoas\1.1.0.RELEASE\spring-hateoas-1.1.0.RELEASE.jar;C:\Users\Rakeshkumar Yadav\.m2\repository\org\springframework\plugin\spring-plugin-core\2.0.0.RELEASE\spring-plugin-core-2.0.0.RELEASE.jar;C:\Users\Rakeshkumar Yadav\.m2\repository\org\atteo\evo-inflector\1.2.2\evo-inflector-1.2.2.jar;C:\Users\Rakeshkumar Yadav\.m2\repository\com\fasterxml\jackson\core\jackson-annotations\2.11.0\jackson-annotations-2.11.0.jar;C:\Users\Rakeshkumar Yadav\.m2\repository\org\springframework\boot\spring-boot-starter-tomcat\2.3.1.RELEASE\spring-boot-starter-tomcat-2.3.1.RELEASE.jar;C:\Users\Rakeshkumar Yadav\.m2\repository\jakarta\annotation\jakarta.annotation-api\1.3.5\jakarta.annotation-api-1.3.5.jar;C:\Users\Rakeshkumar Yadav\.m2\repository\org\apache\tomcat\embed\tomcat-embed-core\9.0.36\tomcat-embed-core-9.0.36.jar;C:\Users\Rakeshkumar Yadav\.m2\repository\org\glassfish\jakarta.el\3.0.3\jakarta.el-3.0.3.jar;C:\Users\Rakeshkumar Yadav\.m2\repository\org\apache\tomcat\embed\tomcat-embed-websocket\9.0.36\tomcat-embed-websocket-9.0.36.jar, java.vm.vendor=Oracle Corporation, sun.arch.data.model=64, user.variant=, java.vendor.url=http://java.oracle.com/, catalina.useNaming=false, user.timezone=Asia/Calcutta, os.name=Windows 10, java.vm.specification.version=1.8, javax.persistence.validation.mode=AUTO, user.country=IN, sun.java.launcher=SUN_STANDARD, sun.boot.library.path=C:\Program Files\Java\jdk1.8.0_221\jre\bin, sun.java.command=com.jdbc.test.SpringbootDemoApplication, javax.persistence.nonJtaDataSource=HikariDataSource (HikariPool-1), javax.persistence.sharedCache.mode=UNSPECIFIED, sun.cpu.endian=little, user.home=C:\Users\Rakeshkumar Yadav, user.language=en, java.specification.vendor=Oracle Corporation, java.home=C:\Program Files\Java\jdk1.8.0_221\jre, file.separator=\, line.separator=
, java.vm.specification.vendor=Oracle Corporation, java.specification.name=Java Platform API Specification, hibernate.transaction.coordinator_class=class org.hibernate.resource.transaction.backend.jdbc.internal.JdbcResourceLocalTransactionCoordinatorBuilderImpl, java.awt.graphicsenv=sun.awt.Win32GraphicsEnvironment, java.awt.headless=true, sun.boot.class.path=C:\Program Files\Java\jdk1.8.0_221\jre\lib\resources.jar;C:\Program Files\Java\jdk1.8.0_221\jre\lib\rt.jar;C:\Program Files\Java\jdk1.8.0_221\jre\lib\sunrsasign.jar;C:\Program Files\Java\jdk1.8.0_221\jre\lib\jsse.jar;C:\Program Files\Java\jdk1.8.0_221\jre\lib\jce.jar;C:\Program Files\Java\jdk1.8.0_221\jre\lib\charsets.jar;C:\Program Files\Java\jdk1.8.0_221\jre\lib\jfr.jar;C:\Program Files\Java\jdk1.8.0_221\jre\classes, hibernate.hbm2ddl.auto=update, user.script=, sun.management.compiler=HotSpot 64-Bit Tiered Compilers, java.runtime.version=1.8.0_221-b11, user.name=Rakeshkumar Yadav, path.separator=;, os.version=10.0, java.endorsed.dirs=C:\Program Files\Java\jdk1.8.0_221\jre\lib\endorsed, java.runtime.name=Java(TM) SE Runtime Environment, file.encoding=UTF-8, hibernate.ejb.persistenceUnitName=default, spring.beaninfo.ignore=true, java.vm.name=Java HotSpot(TM) 64-Bit Server VM, hibernate.show_sql=true, java.vendor.url.bug=http://bugreport.sun.com/bugreport/, java.io.tmpdir=C:\Users\RAKESH~1\AppData\Local\Temp\, com.zaxxer.hikari.pool_number=1, catalina.home=C:\Users\Rakeshkumar Yadav\AppData\Local\Temp\tomcat.707048226135308168.8001, java.version=1.8.0_221, user.dir=F:\Spring_WorkSpace\springboot-demo, os.arch=amd64, java.vm.specification.name=Java Virtual Machine Specification, PID=5072, java.awt.printerjob=sun.awt.windows.WPrinterJob, sun.os.patch.level=, catalina.base=C:\Users\Rakeshkumar Yadav\AppData\Local\Temp\tomcat.707048226135308168.8001, hibernate.boot.CfgXmlAccessService.key=org.hibernate.boot.registry.StandardServiceRegistryBuilder$1@d8e96b, java.library.path=C:\Program Files\Java\jdk1.8.0_221\bin;C:\WINDOWS\Sun\Java\bin;C:\WINDOWS\system32;C:\WINDOWS;C:/Program Files/Java/jre1.8.0_221/bin/server;C:/Program Files/Java/jre1.8.0_221/bin;C:/Program Files/Java/jre1.8.0_221/lib/amd64;C:\oraclexe\app\oracle\product\11.2.0\server\bin;C:\app\Rakeshkumary\virtual\product\12.2.0\dbhome_1\bin;C:\app\Rakeshkumar\virtual\product\12.2.0\dbhome_1\bin;C:\Program Files (x86)\Common Files\Oracle\Java\javapath;C:\WINDOWS\system32;C:\WINDOWS;C:\WINDOWS\System32\Wbem;C:\WINDOWS\System32\WindowsPowerShell\v1.0\;C:\WINDOWS\System32\OpenSSH\;C:\Program Files\Java\jdk1.8.0_221\bin;C:\Program Files (x86)\Bitvise SSH Client;C:\Program Files\Amazon\AWSCLI\bin\;C:\Program Files\Apache Software Foundation\Tomcat 8.5\bin;C:\Program Files\PowerShell\6\;C:\apache-maven-3.6.2\bin;C:\gradle-5.6.2\bin;C:\Program Files\Git\cmd;C:\Program Files\Git\mingw64\bin;C:\Program Files\Git\usr\bin;C:\Program Files (x86)\CrSSL\bin;C:\Program Files\MongoDB\Server\4.2\bin;C:\Users\Rakeshkumar Yadav\AppData\Local\Android\Sdk\platform-tools;C:\Program Files\PuTTY\;C:\Program Files\MySQL\MySQL Shell 8.0\bin\;C:\Users\Rakeshkumar Yadav\AppData\Local\Programs\Python\Python38\Scripts\;C:\Users\Rakeshkumar Yadav\AppData\Local\Programs\Python\Python38\;C:\Users\Rakeshkumar Yadav\AppData\Local\Microsoft\WindowsApps;;C:\Program Files\JetBrains\IntelliJ IDEA Community Edition 2019.2.1\bin;;C:\Program Files\JetBrains\PyCharm Community Edition 2019.3.1\bin;;C:\Users\Rakeshkumar Yadav\eclipse\jee-2020-03\eclipse;;., java.vendor=Oracle Corporation, java.vm.info=mixed mode, java.vm.version=25.221-b11, hibernate.bytecode.use_reflection_optimizer=false, sun.io.unicode.encoding=UnicodeLittle, java.ext.dirs=C:\Program Files\Java\jdk1.8.0_221\jre\lib\ext;C:\WINDOWS\Sun\Java\lib\ext, hibernate.connection.datasource=HikariDataSource (HikariPool-1), java.class.version=52.0}
2020-07-16 00:02:32 [restartedMain] DEBUG o.h.secure.spi.JaccIntegrator -Skipping JACC integration as it was not enabled
2020-07-16 00:02:32 [restartedMain] DEBUG o.h.internal.SessionFactoryImpl -Instantiated session factory
2020-07-16 00:02:32 [restartedMain] DEBUG o.h.type.spi.TypeConfiguration$Scope -Scoping TypeConfiguration [org.hibernate.type.spi.TypeConfiguration@6bd16802] to SessionFactoryImpl [org.hibernate.internal.SessionFactoryImpl@6124028b]
2020-07-16 00:02:32 [restartedMain] DEBUG o.h.b.internal.ClassLoaderAccessImpl -Not known whether passed class name [com.jdbc.test.entity.Employee] is safe
2020-07-16 00:02:32 [restartedMain] DEBUG o.h.b.internal.ClassLoaderAccessImpl -No temp ClassLoader provided; using live ClassLoader for loading potentially unsafe class : com.jdbc.test.entity.Employee
2020-07-16 00:02:32 [restartedMain] DEBUG o.h.b.internal.ClassLoaderAccessImpl -Not known whether passed class name [com.jdbc.test.entity.Employee] is safe
2020-07-16 00:02:32 [restartedMain] DEBUG o.h.b.internal.ClassLoaderAccessImpl -No temp ClassLoader provided; using live ClassLoader for loading potentially unsafe class : com.jdbc.test.entity.Employee
2020-07-16 00:02:32 [restartedMain] DEBUG o.h.b.internal.ClassLoaderAccessImpl -Not known whether passed class name [com.jdbc.test.entity.Users] is safe
2020-07-16 00:02:32 [restartedMain] DEBUG o.h.b.internal.ClassLoaderAccessImpl -No temp ClassLoader provided; using live ClassLoader for loading potentially unsafe class : com.jdbc.test.entity.Users
2020-07-16 00:02:32 [restartedMain] DEBUG o.h.b.internal.ClassLoaderAccessImpl -Not known whether passed class name [com.jdbc.test.entity.Users] is safe
2020-07-16 00:02:32 [restartedMain] DEBUG o.h.b.internal.ClassLoaderAccessImpl -No temp ClassLoader provided; using live ClassLoader for loading potentially unsafe class : com.jdbc.test.entity.Users
2020-07-16 00:02:32 [restartedMain] DEBUG o.h.p.entity.AbstractEntityPersister -Static SQL for entity: com.jdbc.test.entity.Employee
2020-07-16 00:02:32 [restartedMain] DEBUG o.h.p.entity.AbstractEntityPersister - Version select: select id_emp from empployee where id_emp =?
2020-07-16 00:02:32 [restartedMain] DEBUG o.h.p.entity.AbstractEntityPersister - Snapshot select: select employee_.id_emp, employee_.address as address2_0_, employee_.fname as fname3_0_, employee_.lname as lname4_0_ from empployee employee_ where employee_.id_emp=?
2020-07-16 00:02:32 [restartedMain] DEBUG o.h.p.entity.AbstractEntityPersister - Insert 0: insert into empployee (address, fname, lname, id_emp) values (?, ?, ?, ?)
2020-07-16 00:02:32 [restartedMain] DEBUG o.h.p.entity.AbstractEntityPersister - Update 0: update empployee set address=?, fname=?, lname=? where id_emp=?
2020-07-16 00:02:32 [restartedMain] DEBUG o.h.p.entity.AbstractEntityPersister - Delete 0: delete from empployee where id_emp=?
2020-07-16 00:02:32 [restartedMain] DEBUG o.h.p.entity.AbstractEntityPersister - Identity insert: insert into empployee (address, fname, lname) values (?, ?, ?)
2020-07-16 00:02:32 [restartedMain] DEBUG o.h.l.p.b.i.spaces.QuerySpacesImpl -Adding QuerySpace : uid = <gen:0> -> org.hibernate.loader.plan.build.internal.spaces.EntityQuerySpaceImpl@4780efd2]
2020-07-16 00:02:32 [restartedMain] DEBUG o.h.p.w.spi.MetamodelGraphWalker -Visiting attribute path : address
2020-07-16 00:02:32 [restartedMain] DEBUG o.h.p.w.spi.MetamodelGraphWalker -Visiting attribute path : fName
2020-07-16 00:02:32 [restartedMain] DEBUG o.h.p.w.spi.MetamodelGraphWalker -Visiting attribute path : lName
2020-07-16 00:02:32 [restartedMain] DEBUG o.h.l.p.b.i.FetchStyleLoadPlanBuildingAssociationVisitationStrategy -Building LoadPlan...
2020-07-16 00:02:33 [restartedMain] DEBUG o.h.l.p.e.i.LoadQueryJoinAndFetchProcessor -processing queryspace <gen:0>
2020-07-16 00:02:33 [restartedMain] DEBUG o.h.l.p.b.spi.LoadPlanTreePrinter -LoadPlan(entity=com.jdbc.test.entity.Employee)
    - Returns
       - EntityReturnImpl(entity=com.jdbc.test.entity.Employee, querySpaceUid=<gen:0>, path=com.jdbc.test.entity.Employee)
    - QuerySpaces
       - EntityQuerySpaceImpl(uid=<gen:0>, entity=com.jdbc.test.entity.Employee)
          - SQL table alias mapping - employee0_
          - alias suffix - 0_
          - suffixed key columns - {id_emp1_0_0_}

2020-07-16 00:02:33 [restartedMain] DEBUG o.h.loader.entity.plan.EntityLoader -Static select for entity com.jdbc.test.entity.Employee [NONE]: select employee0_.id_emp as id_emp1_0_0_, employee0_.address as address2_0_0_, employee0_.fname as fname3_0_0_, employee0_.lname as lname4_0_0_ from empployee employee0_ where employee0_.id_emp=?
2020-07-16 00:02:33 [restartedMain] DEBUG o.h.l.p.b.i.spaces.QuerySpacesImpl -Adding QuerySpace : uid = <gen:0> -> org.hibernate.loader.plan.build.internal.spaces.EntityQuerySpaceImpl@4d6de499]
2020-07-16 00:02:33 [restartedMain] DEBUG o.h.p.w.spi.MetamodelGraphWalker -Visiting attribute path : address
2020-07-16 00:02:33 [restartedMain] DEBUG o.h.p.w.spi.MetamodelGraphWalker -Visiting attribute path : fName
2020-07-16 00:02:33 [restartedMain] DEBUG o.h.p.w.spi.MetamodelGraphWalker -Visiting attribute path : lName
2020-07-16 00:02:33 [restartedMain] DEBUG o.h.l.p.b.i.FetchStyleLoadPlanBuildingAssociationVisitationStrategy -Building LoadPlan...
2020-07-16 00:02:33 [restartedMain] DEBUG o.h.l.p.e.i.LoadQueryJoinAndFetchProcessor -processing queryspace <gen:0>
2020-07-16 00:02:33 [restartedMain] DEBUG o.h.l.p.b.spi.LoadPlanTreePrinter -LoadPlan(entity=com.jdbc.test.entity.Employee)
    - Returns
       - EntityReturnImpl(entity=com.jdbc.test.entity.Employee, querySpaceUid=<gen:0>, path=com.jdbc.test.entity.Employee)
    - QuerySpaces
       - EntityQuerySpaceImpl(uid=<gen:0>, entity=com.jdbc.test.entity.Employee)
          - SQL table alias mapping - employee0_
          - alias suffix - 0_
          - suffixed key columns - {id_emp1_0_0_}

2020-07-16 00:02:33 [restartedMain] DEBUG o.h.loader.entity.plan.EntityLoader -Static select for entity com.jdbc.test.entity.Employee [READ]: select employee0_.id_emp as id_emp1_0_0_, employee0_.address as address2_0_0_, employee0_.fname as fname3_0_0_, employee0_.lname as lname4_0_0_ from empployee employee0_ where employee0_.id_emp=?
2020-07-16 00:02:33 [restartedMain] DEBUG org.hibernate.loader.Loader -Static select for action ACTION_MERGE on entity com.jdbc.test.entity.Employee: select employee0_.id_emp as id_emp1_0_0_, employee0_.address as address2_0_0_, employee0_.fname as fname3_0_0_, employee0_.lname as lname4_0_0_ from empployee employee0_ where employee0_.id_emp=?
2020-07-16 00:02:33 [restartedMain] DEBUG org.hibernate.loader.Loader -Static select for action ACTION_REFRESH on entity com.jdbc.test.entity.Employee: select employee0_.id_emp as id_emp1_0_0_, employee0_.address as address2_0_0_, employee0_.fname as fname3_0_0_, employee0_.lname as lname4_0_0_ from empployee employee0_ where employee0_.id_emp=?
2020-07-16 00:02:33 [restartedMain] DEBUG o.h.p.entity.AbstractEntityPersister -Static SQL for entity: com.jdbc.test.entity.Users
2020-07-16 00:02:33 [restartedMain] DEBUG o.h.p.entity.AbstractEntityPersister - Version select: select is_user from users where is_user =?
2020-07-16 00:02:33 [restartedMain] DEBUG o.h.p.entity.AbstractEntityPersister - Snapshot select: select users_.is_user, users_.password as password2_1_, users_.roles as roles3_1_, users_.user_name as user_nam4_1_ from users users_ where users_.is_user=?
2020-07-16 00:02:33 [restartedMain] DEBUG o.h.p.entity.AbstractEntityPersister - Insert 0: insert into users (password, roles, user_name, is_user) values (?, ?, ?, ?)
2020-07-16 00:02:33 [restartedMain] DEBUG o.h.p.entity.AbstractEntityPersister - Update 0: update users set password=?, roles=?, user_name=? where is_user=?
2020-07-16 00:02:33 [restartedMain] DEBUG o.h.p.entity.AbstractEntityPersister - Delete 0: delete from users where is_user=?
2020-07-16 00:02:33 [restartedMain] DEBUG o.h.p.entity.AbstractEntityPersister - Identity insert: insert into users (password, roles, user_name) values (?, ?, ?)
2020-07-16 00:02:33 [restartedMain] DEBUG o.h.l.p.b.i.spaces.QuerySpacesImpl -Adding QuerySpace : uid = <gen:0> -> org.hibernate.loader.plan.build.internal.spaces.EntityQuerySpaceImpl@68fcb143]
2020-07-16 00:02:33 [restartedMain] DEBUG o.h.p.w.spi.MetamodelGraphWalker -Visiting attribute path : password
2020-07-16 00:02:33 [restartedMain] DEBUG o.h.p.w.spi.MetamodelGraphWalker -Visiting attribute path : roles
2020-07-16 00:02:33 [restartedMain] DEBUG o.h.p.w.spi.MetamodelGraphWalker -Visiting attribute path : userName
2020-07-16 00:02:33 [restartedMain] DEBUG o.h.l.p.b.i.FetchStyleLoadPlanBuildingAssociationVisitationStrategy -Building LoadPlan...
2020-07-16 00:02:33 [restartedMain] DEBUG o.h.l.p.e.i.LoadQueryJoinAndFetchProcessor -processing queryspace <gen:0>
2020-07-16 00:02:33 [restartedMain] DEBUG o.h.l.p.b.spi.LoadPlanTreePrinter -LoadPlan(entity=com.jdbc.test.entity.Users)
    - Returns
       - EntityReturnImpl(entity=com.jdbc.test.entity.Users, querySpaceUid=<gen:0>, path=com.jdbc.test.entity.Users)
    - QuerySpaces
       - EntityQuerySpaceImpl(uid=<gen:0>, entity=com.jdbc.test.entity.Users)
          - SQL table alias mapping - users0_
          - alias suffix - 0_
          - suffixed key columns - {is_user1_1_0_}

2020-07-16 00:02:33 [restartedMain] DEBUG o.h.loader.entity.plan.EntityLoader -Static select for entity com.jdbc.test.entity.Users [NONE]: select users0_.is_user as is_user1_1_0_, users0_.password as password2_1_0_, users0_.roles as roles3_1_0_, users0_.user_name as user_nam4_1_0_ from users users0_ where users0_.is_user=?
2020-07-16 00:02:33 [restartedMain] DEBUG o.h.l.p.b.i.spaces.QuerySpacesImpl -Adding QuerySpace : uid = <gen:0> -> org.hibernate.loader.plan.build.internal.spaces.EntityQuerySpaceImpl@55546e37]
2020-07-16 00:02:33 [restartedMain] DEBUG o.h.p.w.spi.MetamodelGraphWalker -Visiting attribute path : password
2020-07-16 00:02:33 [restartedMain] DEBUG o.h.p.w.spi.MetamodelGraphWalker -Visiting attribute path : roles
2020-07-16 00:02:33 [restartedMain] DEBUG o.h.p.w.spi.MetamodelGraphWalker -Visiting attribute path : userName
2020-07-16 00:02:33 [restartedMain] DEBUG o.h.l.p.b.i.FetchStyleLoadPlanBuildingAssociationVisitationStrategy -Building LoadPlan...
2020-07-16 00:02:33 [restartedMain] DEBUG o.h.l.p.e.i.LoadQueryJoinAndFetchProcessor -processing queryspace <gen:0>
2020-07-16 00:02:33 [restartedMain] DEBUG o.h.l.p.b.spi.LoadPlanTreePrinter -LoadPlan(entity=com.jdbc.test.entity.Users)
    - Returns
       - EntityReturnImpl(entity=com.jdbc.test.entity.Users, querySpaceUid=<gen:0>, path=com.jdbc.test.entity.Users)
    - QuerySpaces
       - EntityQuerySpaceImpl(uid=<gen:0>, entity=com.jdbc.test.entity.Users)
          - SQL table alias mapping - users0_
          - alias suffix - 0_
          - suffixed key columns - {is_user1_1_0_}

2020-07-16 00:02:33 [restartedMain] DEBUG o.h.loader.entity.plan.EntityLoader -Static select for entity com.jdbc.test.entity.Users [READ]: select users0_.is_user as is_user1_1_0_, users0_.password as password2_1_0_, users0_.roles as roles3_1_0_, users0_.user_name as user_nam4_1_0_ from users users0_ where users0_.is_user=?
2020-07-16 00:02:33 [restartedMain] DEBUG org.hibernate.loader.Loader -Static select for action ACTION_MERGE on entity com.jdbc.test.entity.Users: select users0_.is_user as is_user1_1_0_, users0_.password as password2_1_0_, users0_.roles as roles3_1_0_, users0_.user_name as user_nam4_1_0_ from users users0_ where users0_.is_user=?
2020-07-16 00:02:33 [restartedMain] DEBUG org.hibernate.loader.Loader -Static select for action ACTION_REFRESH on entity com.jdbc.test.entity.Users: select users0_.is_user as is_user1_1_0_, users0_.password as password2_1_0_, users0_.roles as roles3_1_0_, users0_.user_name as user_nam4_1_0_ from users users0_ where users0_.is_user=?
2020-07-16 00:02:33 [restartedMain] DEBUG org.hibernate.mapping.Table -No alter strings for table : empployee
2020-07-16 00:02:33 [restartedMain] DEBUG org.hibernate.mapping.Table -No alter strings for table : users
2020-07-16 00:02:33 [restartedMain] DEBUG o.h.e.t.j.p.i.JtaPlatformInitiator -No JtaPlatform was specified, checking resolver
2020-07-16 00:02:33 [restartedMain] DEBUG o.h.e.t.j.p.i.JtaPlatformResolverInitiator -No JtaPlatformResolver was specified, using default [org.hibernate.engine.transaction.jta.platform.internal.StandardJtaPlatformResolver]
2020-07-16 00:02:33 [restartedMain] DEBUG o.h.e.t.j.p.i.StandardJtaPlatformResolver -Could not resolve JtaPlatform, using default [org.hibernate.engine.transaction.jta.platform.internal.NoJtaPlatform]
2020-07-16 00:02:33 [restartedMain] INFO  o.h.e.t.j.p.i.JtaPlatformInitiator -HHH000490: Using JtaPlatform implementation: [org.hibernate.engine.transaction.jta.platform.internal.NoJtaPlatform]
2020-07-16 00:02:33 [restartedMain] DEBUG o.h.query.spi.NamedQueryRepository -Checking 0 named HQL queries
2020-07-16 00:02:33 [restartedMain] DEBUG o.h.query.spi.NamedQueryRepository -Checking 0 named SQL queries
2020-07-16 00:02:33 [restartedMain] DEBUG o.h.internal.SessionFactoryRegistry -Initializing SessionFactoryRegistry : org.hibernate.internal.SessionFactoryRegistry@5109c2ce
2020-07-16 00:02:33 [restartedMain] DEBUG o.h.internal.SessionFactoryRegistry -Registering SessionFactory: 877cdb71-97d8-4ae4-9d62-279e4347442f (<unnamed>)
2020-07-16 00:02:33 [restartedMain] DEBUG o.h.internal.SessionFactoryRegistry -Not binding SessionFactory to JNDI, no JNDI name configured
2020-07-16 00:02:33 [restartedMain] INFO  o.s.o.j.LocalContainerEntityManagerFactoryBean -Initialized JPA EntityManagerFactory for persistence unit 'default'
2020-07-16 00:02:33 [restartedMain] INFO  o.s.b.d.a.OptionalLiveReloadServer -LiveReload server is running on port 35729
2020-07-16 00:02:33 [restartedMain] DEBUG o.h.s.internal.StatisticsInitiator -Statistics initialized [enabled=false]
2020-07-16 00:02:34 [restartedMain] WARN  o.s.b.a.o.j.JpaBaseConfiguration$JpaWebConfiguration -spring.jpa.open-in-view is enabled by default. Therefore, database queries may be performed during view rendering. Explicitly configure spring.jpa.open-in-view to disable this warning
2020-07-16 00:02:34 [restartedMain] INFO  o.s.s.c.ThreadPoolTaskExecutor -Initializing ExecutorService 'applicationTaskExecutor'
2020-07-16 00:02:35 [restartedMain] INFO  o.s.b.a.e.web.EndpointLinksResolver -Exposing 2 endpoint(s) beneath base path '/actuator'
2020-07-16 00:02:35 [restartedMain] INFO  o.a.coyote.http11.Http11NioProtocol -Starting ProtocolHandler ["http-nio-8001"]
2020-07-16 00:02:35 [restartedMain] INFO  o.s.b.w.e.tomcat.TomcatWebServer -Tomcat started on port(s): 8001 (http) with context path ''
2020-07-16 00:02:35 [restartedMain] INFO  o.s.d.r.c.DeferredRepositoryInitializationListener -Triggering deferred initialization of Spring Data repositories
2020-07-16 00:02:35 [restartedMain] INFO  o.s.d.r.c.DeferredRepositoryInitializationListener -Spring Data repositories initialized!
2020-07-16 00:02:35 [restartedMain] INFO  c.j.test.SpringbootDemoApplication -Started SpringbootDemoApplication in 7.879 seconds (JVM running for 8.601)
2020-07-16 00:03:01 [HikariPool-1 housekeeper] DEBUG com.zaxxer.hikari.pool.HikariPool -HikariPool-1 - Pool stats (total=10, active=0, idle=10, waiting=0)
2020-07-16 00:03:01 [HikariPool-1 housekeeper] DEBUG com.zaxxer.hikari.pool.HikariPool -HikariPool-1 - Fill pool skipped, pool is at sufficient level.
2020-07-16 00:03:29 [http-nio-8001-exec-1] INFO  o.a.c.c.C.[Tomcat].[localhost].[/] -Initializing Spring DispatcherServlet 'dispatcherServlet'
2020-07-16 00:03:29 [http-nio-8001-exec-1] INFO  o.s.web.servlet.DispatcherServlet -Initializing Servlet 'dispatcherServlet'
2020-07-16 00:03:29 [http-nio-8001-exec-1] INFO  o.s.web.servlet.DispatcherServlet -Completed initialization in 29 ms
2020-07-16 00:03:29 [http-nio-8001-exec-1] DEBUG org.hibernate.SQL -select * from empployee where id_emp=?
2020-07-16 00:03:29 [http-nio-8001-exec-1] DEBUG org.hibernate.loader.Loader -Result set row: 0
2020-07-16 00:03:29 [http-nio-8001-exec-1] DEBUG org.hibernate.loader.Loader -Result row: EntityKey[com.jdbc.test.entity.Employee#9]
2020-07-16 00:03:29 [http-nio-8001-exec-1] DEBUG o.h.engine.internal.TwoPhaseLoad -Resolving attributes for [com.jdbc.test.entity.Employee#9]
2020-07-16 00:03:29 [http-nio-8001-exec-1] DEBUG o.h.engine.internal.TwoPhaseLoad -Processing attribute `address` : value = Panvel
2020-07-16 00:03:29 [http-nio-8001-exec-1] DEBUG o.h.engine.internal.TwoPhaseLoad -Attribute (`address`)  - enhanced for lazy-loading? - false
2020-07-16 00:03:29 [http-nio-8001-exec-1] DEBUG o.h.engine.internal.TwoPhaseLoad -Processing attribute `fName` : value = Sandip H
2020-07-16 00:03:29 [http-nio-8001-exec-1] DEBUG o.h.engine.internal.TwoPhaseLoad -Attribute (`fName`)  - enhanced for lazy-loading? - false
2020-07-16 00:03:29 [http-nio-8001-exec-1] DEBUG o.h.engine.internal.TwoPhaseLoad -Processing attribute `lName` : value = Yadav
2020-07-16 00:03:29 [http-nio-8001-exec-1] DEBUG o.h.engine.internal.TwoPhaseLoad -Attribute (`lName`)  - enhanced for lazy-loading? - false
2020-07-16 00:03:29 [http-nio-8001-exec-1] DEBUG o.h.engine.internal.TwoPhaseLoad -Done materializing entity [com.jdbc.test.entity.Employee#9]
2020-07-16 00:03:31 [HikariPool-1 housekeeper] DEBUG com.zaxxer.hikari.pool.HikariPool -HikariPool-1 - Pool stats (total=10, active=0, idle=10, waiting=0)
2020-07-16 00:03:31 [HikariPool-1 housekeeper] DEBUG com.zaxxer.hikari.pool.HikariPool -HikariPool-1 - Fill pool skipped, pool is at sufficient level.
2020-07-16 00:04:01 [HikariPool-1 housekeeper] DEBUG com.zaxxer.hikari.pool.HikariPool -HikariPool-1 - Pool stats (total=10, active=0, idle=10, waiting=0)
2020-07-16 00:04:01 [HikariPool-1 housekeeper] DEBUG com.zaxxer.hikari.pool.HikariPool -HikariPool-1 - Fill pool skipped, pool is at sufficient level.
2020-07-16 00:04:31 [HikariPool-1 housekeeper] DEBUG com.zaxxer.hikari.pool.HikariPool -HikariPool-1 - Pool stats (total=10, active=0, idle=10, waiting=0)
2020-07-16 00:04:31 [HikariPool-1 housekeeper] DEBUG com.zaxxer.hikari.pool.HikariPool -HikariPool-1 - Fill pool skipped, pool is at sufficient level.
2020-07-16 00:05:01 [HikariPool-1 housekeeper] DEBUG com.zaxxer.hikari.pool.HikariPool -HikariPool-1 - Pool stats (total=10, active=0, idle=10, waiting=0)
2020-07-16 00:05:01 [HikariPool-1 housekeeper] DEBUG com.zaxxer.hikari.pool.HikariPool -HikariPool-1 - Fill pool skipped, pool is at sufficient level.
2020-07-16 00:05:31 [HikariPool-1 housekeeper] DEBUG com.zaxxer.hikari.pool.HikariPool -HikariPool-1 - Pool stats (total=10, active=0, idle=10, waiting=0)
2020-07-16 00:05:31 [HikariPool-1 housekeeper] DEBUG com.zaxxer.hikari.pool.HikariPool -HikariPool-1 - Fill pool skipped, pool is at sufficient level.
2020-07-16 00:06:01 [HikariPool-1 housekeeper] DEBUG com.zaxxer.hikari.pool.HikariPool -HikariPool-1 - Pool stats (total=10, active=0, idle=10, waiting=0)
2020-07-16 00:06:01 [HikariPool-1 housekeeper] DEBUG com.zaxxer.hikari.pool.HikariPool -HikariPool-1 - Fill pool skipped, pool is at sufficient level.
2020-07-16 00:06:31 [HikariPool-1 housekeeper] DEBUG com.zaxxer.hikari.pool.HikariPool -HikariPool-1 - Pool stats (total=10, active=0, idle=10, waiting=0)
2020-07-16 00:06:31 [HikariPool-1 housekeeper] DEBUG com.zaxxer.hikari.pool.HikariPool -HikariPool-1 - Fill pool skipped, pool is at sufficient level.
2020-07-16 00:07:01 [HikariPool-1 housekeeper] DEBUG com.zaxxer.hikari.pool.HikariPool -HikariPool-1 - Pool stats (total=10, active=0, idle=10, waiting=0)
2020-07-16 00:07:01 [HikariPool-1 housekeeper] DEBUG com.zaxxer.hikari.pool.HikariPool -HikariPool-1 - Fill pool skipped, pool is at sufficient level.
2020-07-16 00:07:31 [HikariPool-1 housekeeper] DEBUG com.zaxxer.hikari.pool.HikariPool -HikariPool-1 - Pool stats (total=10, active=0, idle=10, waiting=0)
2020-07-16 00:07:31 [HikariPool-1 housekeeper] DEBUG com.zaxxer.hikari.pool.HikariPool -HikariPool-1 - Fill pool skipped, pool is at sufficient level.
